03-30 00:27:37 com_github_MitjaNemec_ReplicateLayout.action_replicate_layout 392:Plugin executed on: 'win32'
03-30 00:27:37 com_github_MitjaNemec_ReplicateLayout.action_replicate_layout 393:Plugin executed with python version: '3.11.5 (main, Jan 19 2024, 08:13:45) [MSC v.1936 64 bit (AMD64)]'
03-30 00:27:37 com_github_MitjaNemec_ReplicateLayout.action_replicate_layout 394:KiCad build version: 8.0.0
03-30 00:27:37 com_github_MitjaNemec_ReplicateLayout.action_replicate_layout 395:Plugin version: 3.0.2
03-30 00:27:37 com_github_MitjaNemec_ReplicateLayout.action_replicate_layout 396:Frame repr: <wx._core.Frame object at 0x00000231BDE900D0>
03-30 00:27:37 com_github_MitjaNemec_ReplicateLayout.action_replicate_layout 420:Preparing replicator with U9 as a reference
03-30 00:27:37 com_github_MitjaNemec_ReplicateLayout.replicate_layout 117:getting a list of all footprints on board
03-30 00:27:37 com_github_MitjaNemec_ReplicateLayout.action_replicate_layout 468:source anchor footprint is 'U9'
Located on: ['ASICs_BM1366', 'BM1366-0']
With filenames: ['ASICs_BM1366.kicad_sch', 'BM1366.kicad_sch']
With sheet_id:['ASICs_BM1366', 'BM1366-0']
03-30 00:27:37 com_github_MitjaNemec_ReplicateLayout.action_replicate_layout 475:Corresponding footprints are 
[('U14', ['ASICs_BM1366', 'BM1366-6']), ('U15', ['ASICs_BM1366', 'BM1366-5']), ('U12', ['ASICs_BM1366', 'BM1366-2']), ('U11', ['ASICs_BM1366', 'BM1366-3']), ('U16', ['ASICs_BM1366', 'BM1366-7']), ('U13', ['ASICs_BM1366', 'BM1366-4']), ('U9', ['ASICs_BM1366', 'BM1366-0']), ('U10', ['ASICs_BM1366', 'BM1366-1'])]
03-30 00:27:37 com_github_MitjaNemec_ReplicateLayout.action_replicate_layout 487:Showing dialog
03-30 00:27:37 com_github_MitjaNemec_ReplicateLayout.replicate_layout 462:constructing a list of sheets suitable for replication on level:'BM1366-0', file:'BM1366.kicad_sch'
03-30 00:27:37 com_github_MitjaNemec_ReplicateLayout.replicate_layout 499:suitable sheets are:[['ASICs_BM1366', 'BM1366-1'], ['ASICs_BM1366', 'BM1366-2'], ['ASICs_BM1366', 'BM1366-3'], ['ASICs_BM1366', 'BM1366-4'], ['ASICs_BM1366', 'BM1366-5'], ['ASICs_BM1366', 'BM1366-6'], ['ASICs_BM1366', 'BM1366-7']]
03-30 00:27:37 com_github_MitjaNemec_ReplicateLayout.replicate_layout 1503:Level selected: ['ASICs_BM1366', 'BM1366-0']
03-30 00:27:37 com_github_MitjaNemec_ReplicateLayout.replicate_layout 1327:Filtering list of tracks
03-30 00:27:37 com_github_MitjaNemec_ReplicateLayout.action_replicate_layout 493:Toolbar position: wx.Point(1481, 111)
03-30 00:27:37 com_github_MitjaNemec_ReplicateLayout.action_replicate_layout 498:Dialog position: wx.Point(1042, 111)
03-30 00:28:12 com_github_MitjaNemec_ReplicateLayout.replicate_layout 462:constructing a list of sheets suitable for replication on level:'ASICs_BM1366', file:'ASICs_BM1366.kicad_sch'
03-30 00:28:12 com_github_MitjaNemec_ReplicateLayout.replicate_layout 499:suitable sheets are:[]
03-30 00:28:12 com_github_MitjaNemec_ReplicateLayout.replicate_layout 1503:Level selected: ['ASICs_BM1366']
03-30 00:28:12 com_github_MitjaNemec_ReplicateLayout.replicate_layout 1327:Filtering list of tracks
03-30 00:28:20 com_github_MitjaNemec_ReplicateLayout.replicate_layout 462:constructing a list of sheets suitable for replication on level:'BM1366-0', file:'BM1366.kicad_sch'
03-30 00:28:20 com_github_MitjaNemec_ReplicateLayout.replicate_layout 499:suitable sheets are:[['ASICs_BM1366', 'BM1366-1'], ['ASICs_BM1366', 'BM1366-2'], ['ASICs_BM1366', 'BM1366-3'], ['ASICs_BM1366', 'BM1366-4'], ['ASICs_BM1366', 'BM1366-5'], ['ASICs_BM1366', 'BM1366-6'], ['ASICs_BM1366', 'BM1366-7']]
03-30 00:28:20 com_github_MitjaNemec_ReplicateLayout.replicate_layout 1503:Level selected: ['ASICs_BM1366', 'BM1366-0']
03-30 00:28:20 com_github_MitjaNemec_ReplicateLayout.replicate_layout 1327:Filtering list of tracks
03-30 00:28:25 com_github_MitjaNemec_ReplicateLayout.replicate_layout 462:constructing a list of sheets suitable for replication on level:'ASICs_BM1366', file:'ASICs_BM1366.kicad_sch'
03-30 00:28:25 com_github_MitjaNemec_ReplicateLayout.replicate_layout 499:suitable sheets are:[]
03-30 00:28:25 com_github_MitjaNemec_ReplicateLayout.replicate_layout 1503:Level selected: ['ASICs_BM1366']
03-30 00:28:25 com_github_MitjaNemec_ReplicateLayout.replicate_layout 1327:Filtering list of tracks
03-30 00:28:28 com_github_MitjaNemec_ReplicateLayout.replicate_layout 462:constructing a list of sheets suitable for replication on level:'BM1366-0', file:'BM1366.kicad_sch'
03-30 00:28:28 com_github_MitjaNemec_ReplicateLayout.replicate_layout 499:suitable sheets are:[['ASICs_BM1366', 'BM1366-1'], ['ASICs_BM1366', 'BM1366-2'], ['ASICs_BM1366', 'BM1366-3'], ['ASICs_BM1366', 'BM1366-4'], ['ASICs_BM1366', 'BM1366-5'], ['ASICs_BM1366', 'BM1366-6'], ['ASICs_BM1366', 'BM1366-7']]
03-30 00:28:29 com_github_MitjaNemec_ReplicateLayout.replicate_layout 1503:Level selected: ['ASICs_BM1366', 'BM1366-0']
03-30 00:28:29 com_github_MitjaNemec_ReplicateLayout.replicate_layout 1327:Filtering list of tracks
03-30 00:28:40 com_github_MitjaNemec_ReplicateLayout.replicate_layout 462:constructing a list of sheets suitable for replication on level:'BM1366-0', file:'BM1366.kicad_sch'
03-30 00:28:40 com_github_MitjaNemec_ReplicateLayout.replicate_layout 499:suitable sheets are:[['ASICs_BM1366', 'BM1366-1'], ['ASICs_BM1366', 'BM1366-2'], ['ASICs_BM1366', 'BM1366-3'], ['ASICs_BM1366', 'BM1366-4'], ['ASICs_BM1366', 'BM1366-5'], ['ASICs_BM1366', 'BM1366-6'], ['ASICs_BM1366', 'BM1366-7']]
03-30 00:28:40 com_github_MitjaNemec_ReplicateLayout.action_replicate_layout 240:Replicating layout
03-30 00:28:40 com_github_MitjaNemec_ReplicateLayout.replicate_layout 278:Starting replication of sheets: [['ASICs_BM1366', 'BM1366-1'], ['ASICs_BM1366', 'BM1366-2'], ['ASICs_BM1366', 'BM1366-3'], ['ASICs_BM1366', 'BM1366-4'], ['ASICs_BM1366', 'BM1366-5'], ['ASICs_BM1366', 'BM1366-6'], ['ASICs_BM1366', 'BM1366-7']]
on level: ['ASICs_BM1366', 'BM1366-0']
with tracks=True, zone=True, text=True, text=True, intersecting=False, remove=False, locked footprints=False, group_only=False
03-30 00:28:40 root 332:updating GUI message: 'Preparing for replication'
03-30 00:28:40 root 337:updating GUI with: 0
03-30 00:28:40 com_github_MitjaNemec_ReplicateLayout.replicate_layout 348:Getting the list of source footprints
03-30 00:28:40 com_github_MitjaNemec_ReplicateLayout.replicate_layout 358:Getting the list of all the remaining footprints
03-30 00:28:40 com_github_MitjaNemec_ReplicateLayout.replicate_layout 365:Getting source tracks
03-30 00:28:40 com_github_MitjaNemec_ReplicateLayout.replicate_layout 1327:Filtering list of tracks
03-30 00:28:40 com_github_MitjaNemec_ReplicateLayout.replicate_layout 369:Getting source zones
03-30 00:28:40 com_github_MitjaNemec_ReplicateLayout.replicate_layout 373:Getting source text items
03-30 00:28:40 root 337:updating GUI with: 66
03-30 00:28:40 com_github_MitjaNemec_ReplicateLayout.replicate_layout 377:Getting source drawing items
03-30 00:28:40 root 332:updating GUI message: 'Replicating footprints'
03-30 00:28:40 com_github_MitjaNemec_ReplicateLayout.replicate_layout 844:Replicating footprints
03-30 00:28:40 com_github_MitjaNemec_ReplicateLayout.replicate_layout 851:Replicating footprints on sheet ['ASICs_BM1366', 'BM1366-1']
03-30 00:28:40 com_github_MitjaNemec_ReplicateLayout.replicate_layout 851:Replicating footprints on sheet ['ASICs_BM1366', 'BM1366-2']
03-30 00:28:40 com_github_MitjaNemec_ReplicateLayout.replicate_layout 851:Replicating footprints on sheet ['ASICs_BM1366', 'BM1366-3']
03-30 00:28:40 com_github_MitjaNemec_ReplicateLayout.replicate_layout 851:Replicating footprints on sheet ['ASICs_BM1366', 'BM1366-4']
03-30 00:28:40 com_github_MitjaNemec_ReplicateLayout.replicate_layout 851:Replicating footprints on sheet ['ASICs_BM1366', 'BM1366-5']
03-30 00:28:40 root 337:updating GUI with: 67
03-30 00:28:40 com_github_MitjaNemec_ReplicateLayout.replicate_layout 851:Replicating footprints on sheet ['ASICs_BM1366', 'BM1366-6']
03-30 00:28:40 com_github_MitjaNemec_ReplicateLayout.replicate_layout 851:Replicating footprints on sheet ['ASICs_BM1366', 'BM1366-7']
03-30 00:28:40 root 332:updating GUI message: 'Replicating tracks'
03-30 00:28:40 com_github_MitjaNemec_ReplicateLayout.replicate_layout 1005:Replicating tracks
03-30 00:28:40 com_github_MitjaNemec_ReplicateLayout.replicate_layout 1011:Replicating tracks on sheet ['ASICs_BM1366', 'BM1366-1']
03-30 00:28:40 com_github_MitjaNemec_ReplicateLayout.replicate_layout 804:Net pairs for sheet ['ASICs_BM1366', 'BM1366-1'] :[('/ASICs_BM1366/CI', '/ASICs_BM1366/CO1'), ('VPWR_ASIC', 'VPWR_ASIC'), ('GNDPWR', 'GNDPWR'), ('/ASICs_BM1366/BM1366-0/VDD2_0', '/ASICs_BM1366/BM1366-1/VDD2_0'), ('/ASICs_BM1366/BM1366-0/VDD2_1', '/ASICs_BM1366/BM1366-1/VDD2_1'), ('/ASICs_BM1366/BO1', '/ASICs_BM1366/BO2'), ('Net-(U9-BO)', 'Net-(U10-BO)'), ('unconnected-(U9-ADDR1-Pad11)', 'unconnected-(U10-ADDR1-Pad11)'), ('/ASICs_BM1366/BM1366-0/VDD3_0', '/ASICs_BM1366/BM1366-1/VDD3_0'), ('/ASICs_BM1366/BM1366-0/BI', '/ASICs_BM1366/BO1'), ('+0.8V', '+0.8V'), ('/ASICs_BM1366/BM1366-0/VDD1_1', '/ASICs_BM1366/BM1366-1/VDD1_1'), ('/ASICs_BM1366/BM1366-0/VDD3_1', '/ASICs_BM1366/BM1366-1/VDD3_1'), ('/ASICs_BM1366/CLKI', '/ASICs_BM1366/CLKO1'), ('/ASICs_BM1366/BM1366-0/VDD1_0', '/ASICs_BM1366/BM1366-1/VDD1_0'), ('+1.8V', '+1.8V'), ('/ASICs_BM1366/RO', '/ASICs_BM1366/RI1'), ('/ASICs_BM1366/CLKO1', '/ASICs_BM1366/CLKO2'), ('/ASICs_BM1366/RI1', '/ASICs_BM1366/RI02'), ('Net-(U9-RO)', 'Net-(U10-RO)'), ('Net-(U9-CO)', 'Net-(U10-CO)'), ('/ASICs_BM1366/INV_CLKO', '/ASICs_BM1366/BM1366-1/INV_CLKO'), ('/ASICs_BM1366/CO1', '/ASICs_BM1366/CO2'), ('/ASICs_BM1366/RST_n', '/ASICs_BM1366/RSTO1'), ('/ASICs_BM1366/PIN_MODE', '/ASICs_BM1366/BM1366-1/PIN_MODE'), ('/ASICs_BM1366/RSTO1', '/ASICs_BM1366/RSTO2'), ('unconnected-(U9-ADDR0-Pad10)', 'unconnected-(U10-ADDR0-Pad10)'), ('Net-(U9-CLKO)', 'Net-(U10-CLKO)')]
03-30 00:28:40 com_github_MitjaNemec_ReplicateLayout.replicate_layout 1011:Replicating tracks on sheet ['ASICs_BM1366', 'BM1366-2']
03-30 00:28:40 com_github_MitjaNemec_ReplicateLayout.replicate_layout 804:Net pairs for sheet ['ASICs_BM1366', 'BM1366-2'] :[('VPWR_ASIC', 'VPWR_ASIC'), ('GNDPWR', 'GNDPWR'), ('/ASICs_BM1366/CO1', '/ASICs_BM1366/CO3'), ('/ASICs_BM1366/INV_CLKO', '/ASICs_BM1366/BM1366-2/INV_CLKO'), ('/ASICs_BM1366/CLKI', '/ASICs_BM1366/CLKO2'), ('/ASICs_BM1366/RST_n', '/ASICs_BM1366/RSTO2'), ('+0.8V', '+0.8V'), ('Net-(U9-CO)', 'Net-(U12-CO)'), ('/ASICs_BM1366/BO1', '/ASICs_BM1366/BO3'), ('/ASICs_BM1366/BM1366-0/BI', '/ASICs_BM1366/BO2'), ('/ASICs_BM1366/RI1', '/ASICs_BM1366/RI3'), ('Net-(U9-RO)', 'Net-(U12-RO)'), ('Net-(U9-CLKO)', 'Net-(U12-CLKO)'), ('+1.8V', '+1.8V'), ('/ASICs_BM1366/BM1366-0/VDD3_1', '/ASICs_BM1366/BM1366-2/VDD3_1'), ('unconnected-(U9-ADDR1-Pad11)', 'unconnected-(U12-ADDR1-Pad11)'), ('/ASICs_BM1366/BM1366-0/VDD2_1', '/ASICs_BM1366/BM1366-2/VDD2_1'), ('/ASICs_BM1366/BM1366-0/VDD2_0', '/ASICs_BM1366/BM1366-2/VDD2_0'), ('unconnected-(U9-ADDR0-Pad10)', 'unconnected-(U12-ADDR0-Pad10)'), ('/ASICs_BM1366/BM1366-0/VDD1_1', '/ASICs_BM1366/BM1366-2/VDD1_1'), ('/ASICs_BM1366/RSTO1', '/ASICs_BM1366/RSTO3'), ('/ASICs_BM1366/BM1366-0/VDD1_0', '/ASICs_BM1366/BM1366-2/VDD1_0'), ('Net-(U9-BO)', 'Net-(U12-BO)'), ('/ASICs_BM1366/RO', '/ASICs_BM1366/RI02'), ('/ASICs_BM1366/PIN_MODE', '/ASICs_BM1366/BM1366-2/PIN_MODE'), ('/ASICs_BM1366/CI', '/ASICs_BM1366/CO2'), ('/ASICs_BM1366/CLKO1', '/ASICs_BM1366/CLKO3'), ('/ASICs_BM1366/BM1366-0/VDD3_0', '/ASICs_BM1366/BM1366-2/VDD3_0')]
03-30 00:28:40 root 337:updating GUI with: 21
03-30 00:28:40 com_github_MitjaNemec_ReplicateLayout.replicate_layout 1011:Replicating tracks on sheet ['ASICs_BM1366', 'BM1366-3']
03-30 00:28:40 com_github_MitjaNemec_ReplicateLayout.replicate_layout 804:Net pairs for sheet ['ASICs_BM1366', 'BM1366-3'] :[('/ASICs_BM1366/CI', '/ASICs_BM1366/CO3'), ('unconnected-(U9-ADDR1-Pad11)', 'unconnected-(U11-ADDR1-Pad11)'), ('VPWR_ASIC', 'VPWR_ASIC'), ('GNDPWR', 'GNDPWR'), ('Net-(U9-CO)', 'Net-(U11-CO)'), ('/ASICs_BM1366/RSTO1', '/ASICs_BM1366/RSTO4'), ('/ASICs_BM1366/CO1', '/ASICs_BM1366/CO4'), ('/ASICs_BM1366/BO1', '/ASICs_BM1366/BO4'), ('/ASICs_BM1366/BM1366-0/VDD2_1', '/ASICs_BM1366/BM1366-3/VDD2_1'), ('+0.8V', '+0.8V'), ('/ASICs_BM1366/BM1366-0/VDD3_0', '/ASICs_BM1366/BM1366-3/VDD3_0'), ('/ASICs_BM1366/BM1366-0/VDD2_0', '/ASICs_BM1366/BM1366-3/VDD2_0'), ('unconnected-(U9-ADDR0-Pad10)', 'unconnected-(U11-ADDR0-Pad10)'), ('/ASICs_BM1366/PIN_MODE', '/ASICs_BM1366/BM1366-3/PIN_MODE'), ('/ASICs_BM1366/CLKI', '/ASICs_BM1366/CLKO3'), ('/ASICs_BM1366/BM1366-0/BI', '/ASICs_BM1366/BO3'), ('Net-(U9-RO)', 'Net-(U11-RO)'), ('/ASICs_BM1366/RO', '/ASICs_BM1366/RI3'), ('+1.8V', '+1.8V'), ('/ASICs_BM1366/INV_CLKO', '/ASICs_BM1366/BM1366-3/INV_CLKO'), ('/ASICs_BM1366/CLKO1', '/ASICs_BM1366/CLKO4'), ('Net-(U9-BO)', 'Net-(U11-BO)'), ('Net-(U9-CLKO)', 'Net-(U11-CLKO)'), ('/ASICs_BM1366/BM1366-0/VDD1_1', '/ASICs_BM1366/BM1366-3/VDD1_1'), ('/ASICs_BM1366/BM1366-0/VDD3_1', '/ASICs_BM1366/BM1366-3/VDD3_1'), ('/ASICs_BM1366/RI1', '/ASICs_BM1366/RI4'), ('/ASICs_BM1366/BM1366-0/VDD1_0', '/ASICs_BM1366/BM1366-3/VDD1_0'), ('/ASICs_BM1366/RST_n', '/ASICs_BM1366/RSTO3')]
03-30 00:28:40 com_github_MitjaNemec_ReplicateLayout.replicate_layout 1011:Replicating tracks on sheet ['ASICs_BM1366', 'BM1366-4']
03-30 00:28:40 com_github_MitjaNemec_ReplicateLayout.replicate_layout 804:Net pairs for sheet ['ASICs_BM1366', 'BM1366-4'] :[('/ASICs_BM1366/CO1', '/ASICs_BM1366/CO5'), ('/ASICs_BM1366/BO1', '/ASICs_BM1366/BO5'), ('VPWR_ASIC', 'VPWR_ASIC'), ('GNDPWR', 'GNDPWR'), ('unconnected-(U9-ADDR0-Pad10)', 'unconnected-(U13-ADDR0-Pad10)'), ('Net-(U9-CO)', 'Net-(U13-CO)'), ('/ASICs_BM1366/RO', '/ASICs_BM1366/RI4'), ('/ASICs_BM1366/RSTO1', '/ASICs_BM1366/RSTO5'), ('/ASICs_BM1366/CLKI', '/ASICs_BM1366/CLKO4'), ('/ASICs_BM1366/CI', '/ASICs_BM1366/CO4'), ('/ASICs_BM1366/PIN_MODE', '/ASICs_BM1366/BM1366-4/PIN_MODE'), ('+0.8V', '+0.8V'), ('/ASICs_BM1366/INV_CLKO', '/ASICs_BM1366/BM1366-4/INV_CLKO'), ('/ASICs_BM1366/BM1366-0/VDD3_0', '/ASICs_BM1366/BM1366-4/VDD3_0'), ('/ASICs_BM1366/RST_n', '/ASICs_BM1366/RSTO4'), ('/ASICs_BM1366/BM1366-0/BI', '/ASICs_BM1366/BO4'), ('/ASICs_BM1366/BM1366-0/VDD3_1', '/ASICs_BM1366/BM1366-4/VDD3_1'), ('+1.8V', '+1.8V'), ('Net-(U9-RO)', 'Net-(U13-RO)'), ('/ASICs_BM1366/BM1366-0/VDD1_0', '/ASICs_BM1366/BM1366-4/VDD1_0'), ('/ASICs_BM1366/RI1', '/ASICs_BM1366/RI5'), ('/ASICs_BM1366/BM1366-0/VDD2_0', '/ASICs_BM1366/BM1366-4/VDD2_0'), ('unconnected-(U9-ADDR1-Pad11)', 'unconnected-(U13-ADDR1-Pad11)'), ('Net-(U9-CLKO)', 'Net-(U13-CLKO)'), ('/ASICs_BM1366/BM1366-0/VDD1_1', '/ASICs_BM1366/BM1366-4/VDD1_1'), ('/ASICs_BM1366/BM1366-0/VDD2_1', '/ASICs_BM1366/BM1366-4/VDD2_1'), ('Net-(U9-BO)', 'Net-(U13-BO)'), ('/ASICs_BM1366/CLKO1', '/ASICs_BM1366/CLKO5')]
03-30 00:28:40 com_github_MitjaNemec_ReplicateLayout.replicate_layout 1011:Replicating tracks on sheet ['ASICs_BM1366', 'BM1366-5']
03-30 00:28:40 com_github_MitjaNemec_ReplicateLayout.replicate_layout 804:Net pairs for sheet ['ASICs_BM1366', 'BM1366-5'] :[('/ASICs_BM1366/CI', '/ASICs_BM1366/CO5'), ('Net-(U9-CO)', 'Net-(U15-CO)'), ('/ASICs_BM1366/BM1366-0/VDD1_0', '/ASICs_BM1366/BM1366-5/VDD1_0'), ('GNDPWR', 'GNDPWR'), ('VPWR_ASIC', 'VPWR_ASIC'), ('/ASICs_BM1366/BO1', '/ASICs_BM1366/BO6'), ('Net-(U9-RO)', 'Net-(U15-RO)'), ('/ASICs_BM1366/BM1366-0/BI', '/ASICs_BM1366/BO5'), ('unconnected-(U9-ADDR1-Pad11)', 'unconnected-(U15-ADDR1-Pad11)'), ('+0.8V', '+0.8V'), ('/ASICs_BM1366/RI1', '/ASICs_BM1366/RI6'), ('unconnected-(U9-ADDR0-Pad10)', 'unconnected-(U15-ADDR0-Pad10)'), ('/ASICs_BM1366/BM1366-0/VDD3_1', '/ASICs_BM1366/BM1366-5/VDD3_1'), ('/ASICs_BM1366/BM1366-0/VDD3_0', '/ASICs_BM1366/BM1366-5/VDD3_0'), ('/ASICs_BM1366/PIN_MODE', '/ASICs_BM1366/BM1366-5/PIN_MODE'), ('/ASICs_BM1366/RST_n', '/ASICs_BM1366/RSTO5'), ('/ASICs_BM1366/CO1', '/ASICs_BM1366/CO6'), ('/ASICs_BM1366/CLKI', '/ASICs_BM1366/CLKO5'), ('+1.8V', '+1.8V'), ('/ASICs_BM1366/BM1366-0/VDD2_1', '/ASICs_BM1366/BM1366-5/VDD2_1'), ('/ASICs_BM1366/CLKO1', '/ASICs_BM1366/CLKO6'), ('/ASICs_BM1366/BM1366-0/VDD2_0', '/ASICs_BM1366/BM1366-5/VDD2_0'), ('/ASICs_BM1366/INV_CLKO', '/ASICs_BM1366/BM1366-5/INV_CLKO'), ('/ASICs_BM1366/BM1366-0/VDD1_1', '/ASICs_BM1366/BM1366-5/VDD1_1'), ('Net-(U9-CLKO)', 'Net-(U15-CLKO)'), ('Net-(U9-BO)', 'Net-(U15-BO)'), ('/ASICs_BM1366/RO', '/ASICs_BM1366/RI5'), ('/ASICs_BM1366/RSTO1', '/ASICs_BM1366/RSTO6')]
03-30 00:28:40 root 337:updating GUI with: 57
03-30 00:28:40 com_github_MitjaNemec_ReplicateLayout.replicate_layout 1011:Replicating tracks on sheet ['ASICs_BM1366', 'BM1366-6']
03-30 00:28:40 com_github_MitjaNemec_ReplicateLayout.replicate_layout 804:Net pairs for sheet ['ASICs_BM1366', 'BM1366-6'] :[('/ASICs_BM1366/RSTO1', '/ASICs_BM1366/RSTO7'), ('/ASICs_BM1366/BM1366-0/VDD3_1', '/ASICs_BM1366/BM1366-6/VDD3_1'), ('VPWR_ASIC', 'VPWR_ASIC'), ('GNDPWR', 'GNDPWR'), ('/ASICs_BM1366/INV_CLKO', '/ASICs_BM1366/BM1366-6/INV_CLKO'), ('/ASICs_BM1366/BM1366-0/VDD2_0', '/ASICs_BM1366/BM1366-6/VDD2_0'), ('/ASICs_BM1366/BM1366-0/VDD1_0', '/ASICs_BM1366/BM1366-6/VDD1_0'), ('/ASICs_BM1366/CLKI', '/ASICs_BM1366/CLKO6'), ('/ASICs_BM1366/RST_n', '/ASICs_BM1366/RSTO6'), ('Net-(U9-BO)', 'Net-(U14-BO)'), ('+0.8V', '+0.8V'), ('unconnected-(U9-ADDR0-Pad10)', 'unconnected-(U14-ADDR0-Pad10)'), ('Net-(U9-CO)', 'Net-(U14-CO)'), ('Net-(U9-CLKO)', 'Net-(U14-CLKO)'), ('/ASICs_BM1366/RI1', '/ASICs_BM1366/RI7'), ('/ASICs_BM1366/BM1366-0/BI', '/ASICs_BM1366/BO6'), ('/ASICs_BM1366/CLKO1', '/ASICs_BM1366/CLKO7'), ('/ASICs_BM1366/CI', '/ASICs_BM1366/CO6'), ('/ASICs_BM1366/RO', '/ASICs_BM1366/RI6'), ('+1.8V', '+1.8V'), ('/ASICs_BM1366/CO1', '/ASICs_BM1366/CO7'), ('/ASICs_BM1366/PIN_MODE', '/ASICs_BM1366/BM1366-6/PIN_MODE'), ('/ASICs_BM1366/BM1366-0/VDD3_0', '/ASICs_BM1366/BM1366-6/VDD3_0'), ('/ASICs_BM1366/BM1366-0/VDD2_1', '/ASICs_BM1366/BM1366-6/VDD2_1'), ('unconnected-(U9-ADDR1-Pad11)', 'unconnected-(U14-ADDR1-Pad11)'), ('/ASICs_BM1366/BM1366-0/VDD1_1', '/ASICs_BM1366/BM1366-6/VDD1_1'), ('Net-(U9-RO)', 'Net-(U14-RO)'), ('/ASICs_BM1366/BO1', '/ASICs_BM1366/BO7')]
03-30 00:28:40 com_github_MitjaNemec_ReplicateLayout.replicate_layout 1011:Replicating tracks on sheet ['ASICs_BM1366', 'BM1366-7']
03-30 00:28:40 com_github_MitjaNemec_ReplicateLayout.replicate_layout 804:Net pairs for sheet ['ASICs_BM1366', 'BM1366-7'] :[('VPWR_ASIC', 'VPWR_ASIC'), ('/ASICs_BM1366/BM1366-0/VDD3_0', '/ASICs_BM1366/BM1366-7/VDD3_0'), ('GNDPWR', 'GNDPWR'), ('/ASICs_BM1366/PIN_MODE', '/ASICs_BM1366/BM1366-7/PIN_MODE'), ('/ASICs_BM1366/BM1366-0/BI', '/ASICs_BM1366/BO7'), ('/ASICs_BM1366/BM1366-0/VDD2_1', '/ASICs_BM1366/BM1366-7/VDD2_1'), ('/ASICs_BM1366/BM1366-0/VDD3_1', '/ASICs_BM1366/BM1366-7/VDD3_1'), ('+0.8V', '+0.8V'), ('/ASICs_BM1366/RST_n', '/ASICs_BM1366/RSTO7'), ('/ASICs_BM1366/RI1', '/ASICs_BM1366/BM1366-7/RI'), ('Net-(U9-CO)', 'Net-(U16-CO)'), ('/ASICs_BM1366/INV_CLKO', '/ASICs_BM1366/BM1366-7/INV_CLKO'), ('/ASICs_BM1366/CO1', '/ASICs_BM1366/CO8'), ('/ASICs_BM1366/RO', '/ASICs_BM1366/RI7'), ('unconnected-(U9-ADDR0-Pad10)', 'unconnected-(U16-ADDR0-Pad10)'), ('+1.8V', '+1.8V'), ('/ASICs_BM1366/BO1', '/ASICs_BM1366/BO8'), ('/ASICs_BM1366/CI', '/ASICs_BM1366/CO7'), ('Net-(U9-RO)', 'Net-(U16-RO)'), ('/ASICs_BM1366/CLKO1', '/ASICs_BM1366/CLKO8'), ('/ASICs_BM1366/BM1366-0/VDD1_0', '/ASICs_BM1366/BM1366-7/VDD1_0'), ('/ASICs_BM1366/BM1366-0/VDD2_0', '/ASICs_BM1366/BM1366-7/VDD2_0'), ('Net-(U9-CLKO)', 'Net-(U16-CLKO)'), ('unconnected-(U9-ADDR1-Pad11)', 'unconnected-(U16-ADDR1-Pad11)'), ('/ASICs_BM1366/RSTO1', '/ASICs_BM1366/RSTO8'), ('Net-(U9-BO)', 'Net-(U16-BO)'), ('/ASICs_BM1366/CLKI', '/ASICs_BM1366/CLKO7'), ('/ASICs_BM1366/BM1366-0/VDD1_1', '/ASICs_BM1366/BM1366-7/VDD1_1')]
03-30 00:28:40 root 332:updating GUI message: 'Replicating zones'
03-30 00:28:40 com_github_MitjaNemec_ReplicateLayout.replicate_layout 1075:Replicating zones
03-30 00:28:40 com_github_MitjaNemec_ReplicateLayout.replicate_layout 1082:Replicating zones on sheet ['ASICs_BM1366', 'BM1366-1']
03-30 00:28:40 com_github_MitjaNemec_ReplicateLayout.replicate_layout 804:Net pairs for sheet ['ASICs_BM1366', 'BM1366-1'] :[('/ASICs_BM1366/CI', '/ASICs_BM1366/CO1'), ('VPWR_ASIC', 'VPWR_ASIC'), ('GNDPWR', 'GNDPWR'), ('/ASICs_BM1366/BM1366-0/VDD2_0', '/ASICs_BM1366/BM1366-1/VDD2_0'), ('/ASICs_BM1366/BM1366-0/VDD2_1', '/ASICs_BM1366/BM1366-1/VDD2_1'), ('/ASICs_BM1366/BO1', '/ASICs_BM1366/BO2'), ('Net-(U9-BO)', 'Net-(U10-BO)'), ('unconnected-(U9-ADDR1-Pad11)', 'unconnected-(U10-ADDR1-Pad11)'), ('/ASICs_BM1366/BM1366-0/VDD3_0', '/ASICs_BM1366/BM1366-1/VDD3_0'), ('/ASICs_BM1366/BM1366-0/BI', '/ASICs_BM1366/BO1'), ('+0.8V', '+0.8V'), ('/ASICs_BM1366/BM1366-0/VDD1_1', '/ASICs_BM1366/BM1366-1/VDD1_1'), ('/ASICs_BM1366/BM1366-0/VDD3_1', '/ASICs_BM1366/BM1366-1/VDD3_1'), ('/ASICs_BM1366/CLKI', '/ASICs_BM1366/CLKO1'), ('/ASICs_BM1366/BM1366-0/VDD1_0', '/ASICs_BM1366/BM1366-1/VDD1_0'), ('+1.8V', '+1.8V'), ('/ASICs_BM1366/RO', '/ASICs_BM1366/RI1'), ('/ASICs_BM1366/CLKO1', '/ASICs_BM1366/CLKO2'), ('/ASICs_BM1366/RI1', '/ASICs_BM1366/RI02'), ('Net-(U9-RO)', 'Net-(U10-RO)'), ('Net-(U9-CO)', 'Net-(U10-CO)'), ('/ASICs_BM1366/INV_CLKO', '/ASICs_BM1366/BM1366-1/INV_CLKO'), ('/ASICs_BM1366/CO1', '/ASICs_BM1366/CO2'), ('/ASICs_BM1366/RST_n', '/ASICs_BM1366/RSTO1'), ('/ASICs_BM1366/PIN_MODE', '/ASICs_BM1366/BM1366-1/PIN_MODE'), ('/ASICs_BM1366/RSTO1', '/ASICs_BM1366/RSTO2'), ('unconnected-(U9-ADDR0-Pad10)', 'unconnected-(U10-ADDR0-Pad10)'), ('Net-(U9-CLKO)', 'Net-(U10-CLKO)')]
03-30 00:28:40 root 337:updating GUI with: 0
03-30 00:28:40 com_github_MitjaNemec_ReplicateLayout.replicate_layout 1082:Replicating zones on sheet ['ASICs_BM1366', 'BM1366-2']
03-30 00:28:40 com_github_MitjaNemec_ReplicateLayout.replicate_layout 804:Net pairs for sheet ['ASICs_BM1366', 'BM1366-2'] :[('VPWR_ASIC', 'VPWR_ASIC'), ('GNDPWR', 'GNDPWR'), ('/ASICs_BM1366/CO1', '/ASICs_BM1366/CO3'), ('/ASICs_BM1366/INV_CLKO', '/ASICs_BM1366/BM1366-2/INV_CLKO'), ('/ASICs_BM1366/CLKI', '/ASICs_BM1366/CLKO2'), ('/ASICs_BM1366/RST_n', '/ASICs_BM1366/RSTO2'), ('+0.8V', '+0.8V'), ('Net-(U9-CO)', 'Net-(U12-CO)'), ('/ASICs_BM1366/BO1', '/ASICs_BM1366/BO3'), ('/ASICs_BM1366/BM1366-0/BI', '/ASICs_BM1366/BO2'), ('/ASICs_BM1366/RI1', '/ASICs_BM1366/RI3'), ('Net-(U9-RO)', 'Net-(U12-RO)'), ('Net-(U9-CLKO)', 'Net-(U12-CLKO)'), ('+1.8V', '+1.8V'), ('/ASICs_BM1366/BM1366-0/VDD3_1', '/ASICs_BM1366/BM1366-2/VDD3_1'), ('unconnected-(U9-ADDR1-Pad11)', 'unconnected-(U12-ADDR1-Pad11)'), ('/ASICs_BM1366/BM1366-0/VDD2_1', '/ASICs_BM1366/BM1366-2/VDD2_1'), ('/ASICs_BM1366/BM1366-0/VDD2_0', '/ASICs_BM1366/BM1366-2/VDD2_0'), ('unconnected-(U9-ADDR0-Pad10)', 'unconnected-(U12-ADDR0-Pad10)'), ('/ASICs_BM1366/BM1366-0/VDD1_1', '/ASICs_BM1366/BM1366-2/VDD1_1'), ('/ASICs_BM1366/RSTO1', '/ASICs_BM1366/RSTO3'), ('/ASICs_BM1366/BM1366-0/VDD1_0', '/ASICs_BM1366/BM1366-2/VDD1_0'), ('Net-(U9-BO)', 'Net-(U12-BO)'), ('/ASICs_BM1366/RO', '/ASICs_BM1366/RI02'), ('/ASICs_BM1366/PIN_MODE', '/ASICs_BM1366/BM1366-2/PIN_MODE'), ('/ASICs_BM1366/CI', '/ASICs_BM1366/CO2'), ('/ASICs_BM1366/CLKO1', '/ASICs_BM1366/CLKO3'), ('/ASICs_BM1366/BM1366-0/VDD3_0', '/ASICs_BM1366/BM1366-2/VDD3_0')]
03-30 00:28:40 com_github_MitjaNemec_ReplicateLayout.replicate_layout 1082:Replicating zones on sheet ['ASICs_BM1366', 'BM1366-3']
03-30 00:28:40 com_github_MitjaNemec_ReplicateLayout.replicate_layout 804:Net pairs for sheet ['ASICs_BM1366', 'BM1366-3'] :[('/ASICs_BM1366/CI', '/ASICs_BM1366/CO3'), ('unconnected-(U9-ADDR1-Pad11)', 'unconnected-(U11-ADDR1-Pad11)'), ('VPWR_ASIC', 'VPWR_ASIC'), ('GNDPWR', 'GNDPWR'), ('Net-(U9-CO)', 'Net-(U11-CO)'), ('/ASICs_BM1366/RSTO1', '/ASICs_BM1366/RSTO4'), ('/ASICs_BM1366/CO1', '/ASICs_BM1366/CO4'), ('/ASICs_BM1366/BO1', '/ASICs_BM1366/BO4'), ('/ASICs_BM1366/BM1366-0/VDD2_1', '/ASICs_BM1366/BM1366-3/VDD2_1'), ('+0.8V', '+0.8V'), ('/ASICs_BM1366/BM1366-0/VDD3_0', '/ASICs_BM1366/BM1366-3/VDD3_0'), ('/ASICs_BM1366/BM1366-0/VDD2_0', '/ASICs_BM1366/BM1366-3/VDD2_0'), ('unconnected-(U9-ADDR0-Pad10)', 'unconnected-(U11-ADDR0-Pad10)'), ('/ASICs_BM1366/PIN_MODE', '/ASICs_BM1366/BM1366-3/PIN_MODE'), ('/ASICs_BM1366/CLKI', '/ASICs_BM1366/CLKO3'), ('/ASICs_BM1366/BM1366-0/BI', '/ASICs_BM1366/BO3'), ('Net-(U9-RO)', 'Net-(U11-RO)'), ('/ASICs_BM1366/RO', '/ASICs_BM1366/RI3'), ('+1.8V', '+1.8V'), ('/ASICs_BM1366/INV_CLKO', '/ASICs_BM1366/BM1366-3/INV_CLKO'), ('/ASICs_BM1366/CLKO1', '/ASICs_BM1366/CLKO4'), ('Net-(U9-BO)', 'Net-(U11-BO)'), ('Net-(U9-CLKO)', 'Net-(U11-CLKO)'), ('/ASICs_BM1366/BM1366-0/VDD1_1', '/ASICs_BM1366/BM1366-3/VDD1_1'), ('/ASICs_BM1366/BM1366-0/VDD3_1', '/ASICs_BM1366/BM1366-3/VDD3_1'), ('/ASICs_BM1366/RI1', '/ASICs_BM1366/RI4'), ('/ASICs_BM1366/BM1366-0/VDD1_0', '/ASICs_BM1366/BM1366-3/VDD1_0'), ('/ASICs_BM1366/RST_n', '/ASICs_BM1366/RSTO3')]
03-30 00:28:40 com_github_MitjaNemec_ReplicateLayout.replicate_layout 1082:Replicating zones on sheet ['ASICs_BM1366', 'BM1366-4']
03-30 00:28:40 com_github_MitjaNemec_ReplicateLayout.replicate_layout 804:Net pairs for sheet ['ASICs_BM1366', 'BM1366-4'] :[('/ASICs_BM1366/CO1', '/ASICs_BM1366/CO5'), ('/ASICs_BM1366/BO1', '/ASICs_BM1366/BO5'), ('VPWR_ASIC', 'VPWR_ASIC'), ('GNDPWR', 'GNDPWR'), ('unconnected-(U9-ADDR0-Pad10)', 'unconnected-(U13-ADDR0-Pad10)'), ('Net-(U9-CO)', 'Net-(U13-CO)'), ('/ASICs_BM1366/RO', '/ASICs_BM1366/RI4'), ('/ASICs_BM1366/RSTO1', '/ASICs_BM1366/RSTO5'), ('/ASICs_BM1366/CLKI', '/ASICs_BM1366/CLKO4'), ('/ASICs_BM1366/CI', '/ASICs_BM1366/CO4'), ('/ASICs_BM1366/PIN_MODE', '/ASICs_BM1366/BM1366-4/PIN_MODE'), ('+0.8V', '+0.8V'), ('/ASICs_BM1366/INV_CLKO', '/ASICs_BM1366/BM1366-4/INV_CLKO'), ('/ASICs_BM1366/BM1366-0/VDD3_0', '/ASICs_BM1366/BM1366-4/VDD3_0'), ('/ASICs_BM1366/RST_n', '/ASICs_BM1366/RSTO4'), ('/ASICs_BM1366/BM1366-0/BI', '/ASICs_BM1366/BO4'), ('/ASICs_BM1366/BM1366-0/VDD3_1', '/ASICs_BM1366/BM1366-4/VDD3_1'), ('+1.8V', '+1.8V'), ('Net-(U9-RO)', 'Net-(U13-RO)'), ('/ASICs_BM1366/BM1366-0/VDD1_0', '/ASICs_BM1366/BM1366-4/VDD1_0'), ('/ASICs_BM1366/RI1', '/ASICs_BM1366/RI5'), ('/ASICs_BM1366/BM1366-0/VDD2_0', '/ASICs_BM1366/BM1366-4/VDD2_0'), ('unconnected-(U9-ADDR1-Pad11)', 'unconnected-(U13-ADDR1-Pad11)'), ('Net-(U9-CLKO)', 'Net-(U13-CLKO)'), ('/ASICs_BM1366/BM1366-0/VDD1_1', '/ASICs_BM1366/BM1366-4/VDD1_1'), ('/ASICs_BM1366/BM1366-0/VDD2_1', '/ASICs_BM1366/BM1366-4/VDD2_1'), ('Net-(U9-BO)', 'Net-(U13-BO)'), ('/ASICs_BM1366/CLKO1', '/ASICs_BM1366/CLKO5')]
03-30 00:28:40 root 337:updating GUI with: 43
03-30 00:28:40 com_github_MitjaNemec_ReplicateLayout.replicate_layout 1082:Replicating zones on sheet ['ASICs_BM1366', 'BM1366-5']
03-30 00:28:40 com_github_MitjaNemec_ReplicateLayout.replicate_layout 804:Net pairs for sheet ['ASICs_BM1366', 'BM1366-5'] :[('/ASICs_BM1366/CI', '/ASICs_BM1366/CO5'), ('Net-(U9-CO)', 'Net-(U15-CO)'), ('/ASICs_BM1366/BM1366-0/VDD1_0', '/ASICs_BM1366/BM1366-5/VDD1_0'), ('GNDPWR', 'GNDPWR'), ('VPWR_ASIC', 'VPWR_ASIC'), ('/ASICs_BM1366/BO1', '/ASICs_BM1366/BO6'), ('Net-(U9-RO)', 'Net-(U15-RO)'), ('/ASICs_BM1366/BM1366-0/BI', '/ASICs_BM1366/BO5'), ('unconnected-(U9-ADDR1-Pad11)', 'unconnected-(U15-ADDR1-Pad11)'), ('+0.8V', '+0.8V'), ('/ASICs_BM1366/RI1', '/ASICs_BM1366/RI6'), ('unconnected-(U9-ADDR0-Pad10)', 'unconnected-(U15-ADDR0-Pad10)'), ('/ASICs_BM1366/BM1366-0/VDD3_1', '/ASICs_BM1366/BM1366-5/VDD3_1'), ('/ASICs_BM1366/BM1366-0/VDD3_0', '/ASICs_BM1366/BM1366-5/VDD3_0'), ('/ASICs_BM1366/PIN_MODE', '/ASICs_BM1366/BM1366-5/PIN_MODE'), ('/ASICs_BM1366/RST_n', '/ASICs_BM1366/RSTO5'), ('/ASICs_BM1366/CO1', '/ASICs_BM1366/CO6'), ('/ASICs_BM1366/CLKI', '/ASICs_BM1366/CLKO5'), ('+1.8V', '+1.8V'), ('/ASICs_BM1366/BM1366-0/VDD2_1', '/ASICs_BM1366/BM1366-5/VDD2_1'), ('/ASICs_BM1366/CLKO1', '/ASICs_BM1366/CLKO6'), ('/ASICs_BM1366/BM1366-0/VDD2_0', '/ASICs_BM1366/BM1366-5/VDD2_0'), ('/ASICs_BM1366/INV_CLKO', '/ASICs_BM1366/BM1366-5/INV_CLKO'), ('/ASICs_BM1366/BM1366-0/VDD1_1', '/ASICs_BM1366/BM1366-5/VDD1_1'), ('Net-(U9-CLKO)', 'Net-(U15-CLKO)'), ('Net-(U9-BO)', 'Net-(U15-BO)'), ('/ASICs_BM1366/RO', '/ASICs_BM1366/RI5'), ('/ASICs_BM1366/RSTO1', '/ASICs_BM1366/RSTO6')]
03-30 00:28:40 com_github_MitjaNemec_ReplicateLayout.replicate_layout 1082:Replicating zones on sheet ['ASICs_BM1366', 'BM1366-6']
03-30 00:28:40 com_github_MitjaNemec_ReplicateLayout.replicate_layout 804:Net pairs for sheet ['ASICs_BM1366', 'BM1366-6'] :[('/ASICs_BM1366/RSTO1', '/ASICs_BM1366/RSTO7'), ('/ASICs_BM1366/BM1366-0/VDD3_1', '/ASICs_BM1366/BM1366-6/VDD3_1'), ('VPWR_ASIC', 'VPWR_ASIC'), ('GNDPWR', 'GNDPWR'), ('/ASICs_BM1366/INV_CLKO', '/ASICs_BM1366/BM1366-6/INV_CLKO'), ('/ASICs_BM1366/BM1366-0/VDD2_0', '/ASICs_BM1366/BM1366-6/VDD2_0'), ('/ASICs_BM1366/BM1366-0/VDD1_0', '/ASICs_BM1366/BM1366-6/VDD1_0'), ('/ASICs_BM1366/CLKI', '/ASICs_BM1366/CLKO6'), ('/ASICs_BM1366/RST_n', '/ASICs_BM1366/RSTO6'), ('Net-(U9-BO)', 'Net-(U14-BO)'), ('+0.8V', '+0.8V'), ('unconnected-(U9-ADDR0-Pad10)', 'unconnected-(U14-ADDR0-Pad10)'), ('Net-(U9-CO)', 'Net-(U14-CO)'), ('Net-(U9-CLKO)', 'Net-(U14-CLKO)'), ('/ASICs_BM1366/RI1', '/ASICs_BM1366/RI7'), ('/ASICs_BM1366/BM1366-0/BI', '/ASICs_BM1366/BO6'), ('/ASICs_BM1366/CLKO1', '/ASICs_BM1366/CLKO7'), ('/ASICs_BM1366/CI', '/ASICs_BM1366/CO6'), ('/ASICs_BM1366/RO', '/ASICs_BM1366/RI6'), ('+1.8V', '+1.8V'), ('/ASICs_BM1366/CO1', '/ASICs_BM1366/CO7'), ('/ASICs_BM1366/PIN_MODE', '/ASICs_BM1366/BM1366-6/PIN_MODE'), ('/ASICs_BM1366/BM1366-0/VDD3_0', '/ASICs_BM1366/BM1366-6/VDD3_0'), ('/ASICs_BM1366/BM1366-0/VDD2_1', '/ASICs_BM1366/BM1366-6/VDD2_1'), ('unconnected-(U9-ADDR1-Pad11)', 'unconnected-(U14-ADDR1-Pad11)'), ('/ASICs_BM1366/BM1366-0/VDD1_1', '/ASICs_BM1366/BM1366-6/VDD1_1'), ('Net-(U9-RO)', 'Net-(U14-RO)'), ('/ASICs_BM1366/BO1', '/ASICs_BM1366/BO7')]
03-30 00:28:40 com_github_MitjaNemec_ReplicateLayout.replicate_layout 1082:Replicating zones on sheet ['ASICs_BM1366', 'BM1366-7']
03-30 00:28:40 com_github_MitjaNemec_ReplicateLayout.replicate_layout 804:Net pairs for sheet ['ASICs_BM1366', 'BM1366-7'] :[('VPWR_ASIC', 'VPWR_ASIC'), ('/ASICs_BM1366/BM1366-0/VDD3_0', '/ASICs_BM1366/BM1366-7/VDD3_0'), ('GNDPWR', 'GNDPWR'), ('/ASICs_BM1366/PIN_MODE', '/ASICs_BM1366/BM1366-7/PIN_MODE'), ('/ASICs_BM1366/BM1366-0/BI', '/ASICs_BM1366/BO7'), ('/ASICs_BM1366/BM1366-0/VDD2_1', '/ASICs_BM1366/BM1366-7/VDD2_1'), ('/ASICs_BM1366/BM1366-0/VDD3_1', '/ASICs_BM1366/BM1366-7/VDD3_1'), ('+0.8V', '+0.8V'), ('/ASICs_BM1366/RST_n', '/ASICs_BM1366/RSTO7'), ('/ASICs_BM1366/RI1', '/ASICs_BM1366/BM1366-7/RI'), ('Net-(U9-CO)', 'Net-(U16-CO)'), ('/ASICs_BM1366/INV_CLKO', '/ASICs_BM1366/BM1366-7/INV_CLKO'), ('/ASICs_BM1366/CO1', '/ASICs_BM1366/CO8'), ('/ASICs_BM1366/RO', '/ASICs_BM1366/RI7'), ('unconnected-(U9-ADDR0-Pad10)', 'unconnected-(U16-ADDR0-Pad10)'), ('+1.8V', '+1.8V'), ('/ASICs_BM1366/BO1', '/ASICs_BM1366/BO8'), ('/ASICs_BM1366/CI', '/ASICs_BM1366/CO7'), ('Net-(U9-RO)', 'Net-(U16-RO)'), ('/ASICs_BM1366/CLKO1', '/ASICs_BM1366/CLKO8'), ('/ASICs_BM1366/BM1366-0/VDD1_0', '/ASICs_BM1366/BM1366-7/VDD1_0'), ('/ASICs_BM1366/BM1366-0/VDD2_0', '/ASICs_BM1366/BM1366-7/VDD2_0'), ('Net-(U9-CLKO)', 'Net-(U16-CLKO)'), ('unconnected-(U9-ADDR1-Pad11)', 'unconnected-(U16-ADDR1-Pad11)'), ('/ASICs_BM1366/RSTO1', '/ASICs_BM1366/RSTO8'), ('Net-(U9-BO)', 'Net-(U16-BO)'), ('/ASICs_BM1366/CLKI', '/ASICs_BM1366/CLKO7'), ('/ASICs_BM1366/BM1366-0/VDD1_1', '/ASICs_BM1366/BM1366-7/VDD1_1')]
03-30 00:28:40 root 332:updating GUI message: 'Replicating text'
03-30 00:28:40 com_github_MitjaNemec_ReplicateLayout.replicate_layout 1164:Replicating text
03-30 00:28:40 com_github_MitjaNemec_ReplicateLayout.replicate_layout 1171:Replicating text on sheet ['ASICs_BM1366', 'BM1366-1']
03-30 00:28:40 com_github_MitjaNemec_ReplicateLayout.replicate_layout 1171:Replicating text on sheet ['ASICs_BM1366', 'BM1366-2']
03-30 00:28:40 root 337:updating GUI with: 28
03-30 00:28:40 com_github_MitjaNemec_ReplicateLayout.replicate_layout 1171:Replicating text on sheet ['ASICs_BM1366', 'BM1366-3']
03-30 00:28:40 com_github_MitjaNemec_ReplicateLayout.replicate_layout 1171:Replicating text on sheet ['ASICs_BM1366', 'BM1366-4']
03-30 00:28:40 com_github_MitjaNemec_ReplicateLayout.replicate_layout 1171:Replicating text on sheet ['ASICs_BM1366', 'BM1366-5']
03-30 00:28:40 com_github_MitjaNemec_ReplicateLayout.replicate_layout 1171:Replicating text on sheet ['ASICs_BM1366', 'BM1366-6']
03-30 00:28:40 com_github_MitjaNemec_ReplicateLayout.replicate_layout 1171:Replicating text on sheet ['ASICs_BM1366', 'BM1366-7']
03-30 00:28:40 root 332:updating GUI message: 'Replicating drawings'
03-30 00:28:40 com_github_MitjaNemec_ReplicateLayout.replicate_layout 1215:Replicating drawings
03-30 00:28:40 com_github_MitjaNemec_ReplicateLayout.replicate_layout 1221:Replicating drawings on sheet ['ASICs_BM1366', 'BM1366-1']
03-30 00:28:40 com_github_MitjaNemec_ReplicateLayout.replicate_layout 1221:Replicating drawings on sheet ['ASICs_BM1366', 'BM1366-2']
03-30 00:28:40 com_github_MitjaNemec_ReplicateLayout.replicate_layout 1221:Replicating drawings on sheet ['ASICs_BM1366', 'BM1366-3']
03-30 00:28:40 com_github_MitjaNemec_ReplicateLayout.replicate_layout 1221:Replicating drawings on sheet ['ASICs_BM1366', 'BM1366-4']
03-30 00:28:40 com_github_MitjaNemec_ReplicateLayout.replicate_layout 1221:Replicating drawings on sheet ['ASICs_BM1366', 'BM1366-5']
03-30 00:28:40 com_github_MitjaNemec_ReplicateLayout.replicate_layout 1221:Replicating drawings on sheet ['ASICs_BM1366', 'BM1366-6']
03-30 00:28:40 com_github_MitjaNemec_ReplicateLayout.replicate_layout 1221:Replicating drawings on sheet ['ASICs_BM1366', 'BM1366-7']
03-30 00:28:41 com_github_MitjaNemec_ReplicateLayout.action_replicate_layout 256:Replication complete
