11-20 19:35:04 com_github_MitjaNemec_ReplicateLayout.action_replicate_layout 392:Plugin executed on: 'win32'
11-20 19:35:04 com_github_MitjaNemec_ReplicateLayout.action_replicate_layout 393:Plugin executed with python version: '3.11.5 (main, Aug 14 2024, 05:26:19) [MSC v.1939 64 bit (AMD64)]'
11-20 19:35:04 com_github_MitjaNemec_ReplicateLayout.action_replicate_layout 394:KiCad build version: 8.0.6
11-20 19:35:04 com_github_MitjaNemec_ReplicateLayout.action_replicate_layout 395:Plugin version: 3.0.2
11-20 19:35:04 com_github_MitjaNemec_ReplicateLayout.action_replicate_layout 396:Frame repr: <wx._core.Frame object at 0x0000018C724CF130>
11-20 19:35:04 com_github_MitjaNemec_ReplicateLayout.action_replicate_layout 420:Preparing replicator with U4 as a reference
11-20 19:35:04 com_github_MitjaNemec_ReplicateLayout.replicate_layout 117:getting a list of all footprints on board
11-20 19:35:04 com_github_MitjaNemec_ReplicateLayout.action_replicate_layout 468:source anchor footprint is 'U4'
Located on: ['ASICs', 'ASICs_BM1368_1', 'BM1368-0']
With filenames: ['ASICs.kicad_sch', 'ASICs_BM1368.kicad_sch', 'BM1368.kicad_sch']
With sheet_id:['ASICs', 'ASICs_BM1368_1', 'BM1368-0']
11-20 19:35:04 com_github_MitjaNemec_ReplicateLayout.action_replicate_layout 475:Corresponding footprints are 
[('U18', ['ASICs', 'ASICs_BM1368_1', 'BM1368-7']), ('U12', ['ASICs', 'ASICs_BM1368_2', 'BM1368-5']), ('U6', ['ASICs', 'ASICs_BM1368_2', 'BM1368-0']), ('U17', ['ASICs', 'ASICs_BM1368_2', 'BM1368-6']), ('U15', ['ASICs', 'ASICs_BM1368_2', 'BM1368-7']), ('U4', ['ASICs', 'ASICs_BM1368_1', 'BM1368-0']), ('U10', ['ASICs', 'ASICs_BM1368_2', 'BM1368-2']), ('U19', ['ASICs', 'ASICs_BM1368_2', 'BM1368-3']), ('U13', ['ASICs', 'ASICs_BM1368_2', 'BM1368-4']), ('U16', ['ASICs', 'ASICs_BM1368_1', 'BM1368-6']), ('U8', ['ASICs', 'ASICs_BM1368_2', 'BM1368-1']), ('U5', ['ASICs', 'ASICs_BM1368_1', 'BM1368-1']), ('U7', ['ASICs', 'ASICs_BM1368_1', 'BM1368-2']), ('U14', ['ASICs', 'ASICs_BM1368_1', 'BM1368-5']), ('U9', ['ASICs', 'ASICs_BM1368_1', 'BM1368-3']), ('U11', ['ASICs', 'ASICs_BM1368_1', 'BM1368-4'])]
11-20 19:35:04 com_github_MitjaNemec_ReplicateLayout.action_replicate_layout 487:Showing dialog
11-20 19:35:04 com_github_MitjaNemec_ReplicateLayout.replicate_layout 462:constructing a list of sheets suitable for replication on level:'BM1368-0', file:'BM1368.kicad_sch'
11-20 19:35:04 com_github_MitjaNemec_ReplicateLayout.replicate_layout 499:suitable sheets are:[['ASICs', 'ASICs_BM1368_1', 'BM1368-1'], ['ASICs', 'ASICs_BM1368_1', 'BM1368-2'], ['ASICs', 'ASICs_BM1368_1', 'BM1368-3'], ['ASICs', 'ASICs_BM1368_1', 'BM1368-4'], ['ASICs', 'ASICs_BM1368_1', 'BM1368-5'], ['ASICs', 'ASICs_BM1368_1', 'BM1368-6'], ['ASICs', 'ASICs_BM1368_1', 'BM1368-7'], ['ASICs', 'ASICs_BM1368_2', 'BM1368-0'], ['ASICs', 'ASICs_BM1368_2', 'BM1368-1'], ['ASICs', 'ASICs_BM1368_2', 'BM1368-2'], ['ASICs', 'ASICs_BM1368_2', 'BM1368-3'], ['ASICs', 'ASICs_BM1368_2', 'BM1368-4'], ['ASICs', 'ASICs_BM1368_2', 'BM1368-5'], ['ASICs', 'ASICs_BM1368_2', 'BM1368-6'], ['ASICs', 'ASICs_BM1368_2', 'BM1368-7']]
11-20 19:35:05 com_github_MitjaNemec_ReplicateLayout.replicate_layout 1503:Level selected: ['ASICs', 'ASICs_BM1368_1', 'BM1368-0']
11-20 19:35:05 com_github_MitjaNemec_ReplicateLayout.replicate_layout 1327:Filtering list of tracks
11-20 19:35:05 com_github_MitjaNemec_ReplicateLayout.action_replicate_layout 493:Toolbar position: wx.Point(1577, 111)
11-20 19:35:05 com_github_MitjaNemec_ReplicateLayout.action_replicate_layout 498:Dialog position: wx.Point(1138, 111)
11-20 19:35:07 com_github_MitjaNemec_ReplicateLayout.replicate_layout 462:constructing a list of sheets suitable for replication on level:'BM1368-0', file:'BM1368.kicad_sch'
11-20 19:35:07 com_github_MitjaNemec_ReplicateLayout.replicate_layout 499:suitable sheets are:[['ASICs', 'ASICs_BM1368_1', 'BM1368-1'], ['ASICs', 'ASICs_BM1368_1', 'BM1368-2'], ['ASICs', 'ASICs_BM1368_1', 'BM1368-3'], ['ASICs', 'ASICs_BM1368_1', 'BM1368-4'], ['ASICs', 'ASICs_BM1368_1', 'BM1368-5'], ['ASICs', 'ASICs_BM1368_1', 'BM1368-6'], ['ASICs', 'ASICs_BM1368_1', 'BM1368-7'], ['ASICs', 'ASICs_BM1368_2', 'BM1368-0'], ['ASICs', 'ASICs_BM1368_2', 'BM1368-1'], ['ASICs', 'ASICs_BM1368_2', 'BM1368-2'], ['ASICs', 'ASICs_BM1368_2', 'BM1368-3'], ['ASICs', 'ASICs_BM1368_2', 'BM1368-4'], ['ASICs', 'ASICs_BM1368_2', 'BM1368-5'], ['ASICs', 'ASICs_BM1368_2', 'BM1368-6'], ['ASICs', 'ASICs_BM1368_2', 'BM1368-7']]
11-20 19:35:07 com_github_MitjaNemec_ReplicateLayout.replicate_layout 1503:Level selected: ['ASICs', 'ASICs_BM1368_1', 'BM1368-0']
11-20 19:35:07 com_github_MitjaNemec_ReplicateLayout.replicate_layout 462:constructing a list of sheets suitable for replication on level:'BM1368-0', file:'BM1368.kicad_sch'
11-20 19:35:07 com_github_MitjaNemec_ReplicateLayout.replicate_layout 499:suitable sheets are:[['ASICs', 'ASICs_BM1368_1', 'BM1368-1'], ['ASICs', 'ASICs_BM1368_1', 'BM1368-2'], ['ASICs', 'ASICs_BM1368_1', 'BM1368-3'], ['ASICs', 'ASICs_BM1368_1', 'BM1368-4'], ['ASICs', 'ASICs_BM1368_1', 'BM1368-5'], ['ASICs', 'ASICs_BM1368_1', 'BM1368-6'], ['ASICs', 'ASICs_BM1368_1', 'BM1368-7'], ['ASICs', 'ASICs_BM1368_2', 'BM1368-0'], ['ASICs', 'ASICs_BM1368_2', 'BM1368-1'], ['ASICs', 'ASICs_BM1368_2', 'BM1368-2'], ['ASICs', 'ASICs_BM1368_2', 'BM1368-3'], ['ASICs', 'ASICs_BM1368_2', 'BM1368-4'], ['ASICs', 'ASICs_BM1368_2', 'BM1368-5'], ['ASICs', 'ASICs_BM1368_2', 'BM1368-6'], ['ASICs', 'ASICs_BM1368_2', 'BM1368-7']]
11-20 19:35:08 com_github_MitjaNemec_ReplicateLayout.replicate_layout 1503:Level selected: ['ASICs', 'ASICs_BM1368_1', 'BM1368-0']
11-20 19:35:09 com_github_MitjaNemec_ReplicateLayout.replicate_layout 462:constructing a list of sheets suitable for replication on level:'BM1368-0', file:'BM1368.kicad_sch'
11-20 19:35:09 com_github_MitjaNemec_ReplicateLayout.replicate_layout 499:suitable sheets are:[['ASICs', 'ASICs_BM1368_1', 'BM1368-1'], ['ASICs', 'ASICs_BM1368_1', 'BM1368-2'], ['ASICs', 'ASICs_BM1368_1', 'BM1368-3'], ['ASICs', 'ASICs_BM1368_1', 'BM1368-4'], ['ASICs', 'ASICs_BM1368_1', 'BM1368-5'], ['ASICs', 'ASICs_BM1368_1', 'BM1368-6'], ['ASICs', 'ASICs_BM1368_1', 'BM1368-7'], ['ASICs', 'ASICs_BM1368_2', 'BM1368-0'], ['ASICs', 'ASICs_BM1368_2', 'BM1368-1'], ['ASICs', 'ASICs_BM1368_2', 'BM1368-2'], ['ASICs', 'ASICs_BM1368_2', 'BM1368-3'], ['ASICs', 'ASICs_BM1368_2', 'BM1368-4'], ['ASICs', 'ASICs_BM1368_2', 'BM1368-5'], ['ASICs', 'ASICs_BM1368_2', 'BM1368-6'], ['ASICs', 'ASICs_BM1368_2', 'BM1368-7']]
11-20 19:35:09 com_github_MitjaNemec_ReplicateLayout.replicate_layout 1503:Level selected: ['ASICs', 'ASICs_BM1368_1', 'BM1368-0']
11-20 19:35:23 com_github_MitjaNemec_ReplicateLayout.replicate_layout 462:constructing a list of sheets suitable for replication on level:'BM1368-0', file:'BM1368.kicad_sch'
11-20 19:35:23 com_github_MitjaNemec_ReplicateLayout.replicate_layout 499:suitable sheets are:[['ASICs', 'ASICs_BM1368_1', 'BM1368-1'], ['ASICs', 'ASICs_BM1368_1', 'BM1368-2'], ['ASICs', 'ASICs_BM1368_1', 'BM1368-3'], ['ASICs', 'ASICs_BM1368_1', 'BM1368-4'], ['ASICs', 'ASICs_BM1368_1', 'BM1368-5'], ['ASICs', 'ASICs_BM1368_1', 'BM1368-6'], ['ASICs', 'ASICs_BM1368_1', 'BM1368-7'], ['ASICs', 'ASICs_BM1368_2', 'BM1368-0'], ['ASICs', 'ASICs_BM1368_2', 'BM1368-1'], ['ASICs', 'ASICs_BM1368_2', 'BM1368-2'], ['ASICs', 'ASICs_BM1368_2', 'BM1368-3'], ['ASICs', 'ASICs_BM1368_2', 'BM1368-4'], ['ASICs', 'ASICs_BM1368_2', 'BM1368-5'], ['ASICs', 'ASICs_BM1368_2', 'BM1368-6'], ['ASICs', 'ASICs_BM1368_2', 'BM1368-7']]
11-20 19:35:23 com_github_MitjaNemec_ReplicateLayout.action_replicate_layout 240:Replicating layout
11-20 19:35:23 com_github_MitjaNemec_ReplicateLayout.replicate_layout 278:Starting replication of sheets: [['ASICs', 'ASICs_BM1368_1', 'BM1368-1'], ['ASICs', 'ASICs_BM1368_1', 'BM1368-2'], ['ASICs', 'ASICs_BM1368_1', 'BM1368-3'], ['ASICs', 'ASICs_BM1368_1', 'BM1368-4'], ['ASICs', 'ASICs_BM1368_1', 'BM1368-5'], ['ASICs', 'ASICs_BM1368_1', 'BM1368-6'], ['ASICs', 'ASICs_BM1368_1', 'BM1368-7'], ['ASICs', 'ASICs_BM1368_2', 'BM1368-0'], ['ASICs', 'ASICs_BM1368_2', 'BM1368-1'], ['ASICs', 'ASICs_BM1368_2', 'BM1368-2'], ['ASICs', 'ASICs_BM1368_2', 'BM1368-3'], ['ASICs', 'ASICs_BM1368_2', 'BM1368-4'], ['ASICs', 'ASICs_BM1368_2', 'BM1368-5'], ['ASICs', 'ASICs_BM1368_2', 'BM1368-6'], ['ASICs', 'ASICs_BM1368_2', 'BM1368-7']]
on level: ['ASICs', 'ASICs_BM1368_1', 'BM1368-0']
with tracks=False, zone=True, text=False, text=False, intersecting=False, remove=True, locked footprints=False, group_only=False
11-20 19:35:23 root 332:updating GUI message: 'Preparing for replication'
11-20 19:35:23 root 337:updating GUI with: 0
11-20 19:35:23 com_github_MitjaNemec_ReplicateLayout.replicate_layout 348:Getting the list of source footprints
11-20 19:35:23 com_github_MitjaNemec_ReplicateLayout.replicate_layout 358:Getting the list of all the remaining footprints
11-20 19:35:23 com_github_MitjaNemec_ReplicateLayout.replicate_layout 365:Getting source tracks
11-20 19:35:23 com_github_MitjaNemec_ReplicateLayout.replicate_layout 1327:Filtering list of tracks
11-20 19:35:23 com_github_MitjaNemec_ReplicateLayout.replicate_layout 369:Getting source zones
11-20 19:35:23 root 337:updating GUI with: 50
11-20 19:35:23 com_github_MitjaNemec_ReplicateLayout.replicate_layout 373:Getting source text items
11-20 19:35:23 root 337:updating GUI with: 66
11-20 19:35:23 com_github_MitjaNemec_ReplicateLayout.replicate_layout 377:Getting source drawing items
11-20 19:35:23 com_github_MitjaNemec_ReplicateLayout.replicate_layout 310:Removing tracks and zones, before footprint placement
11-20 19:35:23 root 332:updating GUI message: 'Removing zones and tracks'
11-20 19:35:23 com_github_MitjaNemec_ReplicateLayout.replicate_layout 1273:Remove bounding box top:95131000, bottom:108997000, Left:92513142, Right:107502142
11-20 19:35:23 root 337:updating GUI with: 6
11-20 19:35:23 com_github_MitjaNemec_ReplicateLayout.replicate_layout 1273:Remove bounding box top:95131000, bottom:108997000, Left:108660284, Right:123649284
11-20 19:35:23 root 337:updating GUI with: 13
11-20 19:35:23 com_github_MitjaNemec_ReplicateLayout.replicate_layout 1273:Remove bounding box top:95131000, bottom:108997000, Left:124807426, Right:139796426
11-20 19:35:23 root 337:updating GUI with: 20
11-20 19:35:23 com_github_MitjaNemec_ReplicateLayout.replicate_layout 1273:Remove bounding box top:95131000, bottom:108997000, Left:140954568, Right:155943568
11-20 19:35:23 root 337:updating GUI with: 26
11-20 19:35:23 com_github_MitjaNemec_ReplicateLayout.replicate_layout 1273:Remove bounding box top:95131000, bottom:108997000, Left:157101710, Right:172090710
11-20 19:35:23 root 337:updating GUI with: 33
11-20 19:35:23 com_github_MitjaNemec_ReplicateLayout.replicate_layout 1273:Remove bounding box top:95131000, bottom:108997000, Left:173248852, Right:188237852
11-20 19:35:23 com_github_MitjaNemec_ReplicateLayout.replicate_layout 1273:Remove bounding box top:95131000, bottom:108997000, Left:189396000, Right:204385000
11-20 19:35:23 root 337:updating GUI with: 46
11-20 19:35:23 com_github_MitjaNemec_ReplicateLayout.replicate_layout 1273:Remove bounding box top:65801000, bottom:79667000, Left:189761258, Right:204750258
11-20 19:35:23 root 337:updating GUI with: 53
11-20 19:35:23 com_github_MitjaNemec_ReplicateLayout.replicate_layout 1273:Remove bounding box top:65801000, bottom:79667000, Left:173561932, Right:188550932
11-20 19:35:24 root 337:updating GUI with: 60
11-20 19:35:24 com_github_MitjaNemec_ReplicateLayout.replicate_layout 1273:Remove bounding box top:65801000, bottom:79667000, Left:157362610, Right:172351610
11-20 19:35:24 root 337:updating GUI with: 66
11-20 19:35:24 com_github_MitjaNemec_ReplicateLayout.replicate_layout 1273:Remove bounding box top:65801000, bottom:79667000, Left:141163288, Right:156152288
11-20 19:35:24 root 337:updating GUI with: 73
11-20 19:35:24 com_github_MitjaNemec_ReplicateLayout.replicate_layout 1273:Remove bounding box top:65801000, bottom:79667000, Left:124963966, Right:139952966
11-20 19:35:24 root 337:updating GUI with: 80
11-20 19:35:24 com_github_MitjaNemec_ReplicateLayout.replicate_layout 1273:Remove bounding box top:65801000, bottom:79667000, Left:108764644, Right:123753644
11-20 19:35:24 com_github_MitjaNemec_ReplicateLayout.replicate_layout 1273:Remove bounding box top:65801000, bottom:79667000, Left:92565322, Right:107554322
11-20 19:35:24 root 337:updating GUI with: 93
11-20 19:35:24 com_github_MitjaNemec_ReplicateLayout.replicate_layout 1273:Remove bounding box top:65801000, bottom:79667000, Left:76366000, Right:91355000
11-20 19:35:24 root 332:updating GUI message: 'Replicating footprints'
11-20 19:35:24 root 337:updating GUI with: 0
11-20 19:35:24 com_github_MitjaNemec_ReplicateLayout.replicate_layout 844:Replicating footprints
11-20 19:35:24 com_github_MitjaNemec_ReplicateLayout.replicate_layout 851:Replicating footprints on sheet ['ASICs', 'ASICs_BM1368_1', 'BM1368-1']
11-20 19:35:24 com_github_MitjaNemec_ReplicateLayout.replicate_layout 851:Replicating footprints on sheet ['ASICs', 'ASICs_BM1368_1', 'BM1368-2']
11-20 19:35:24 root 337:updating GUI with: 10
11-20 19:35:24 com_github_MitjaNemec_ReplicateLayout.replicate_layout 851:Replicating footprints on sheet ['ASICs', 'ASICs_BM1368_1', 'BM1368-3']
11-20 19:35:24 com_github_MitjaNemec_ReplicateLayout.replicate_layout 851:Replicating footprints on sheet ['ASICs', 'ASICs_BM1368_1', 'BM1368-4']
11-20 19:35:24 com_github_MitjaNemec_ReplicateLayout.replicate_layout 851:Replicating footprints on sheet ['ASICs', 'ASICs_BM1368_1', 'BM1368-5']
11-20 19:35:24 com_github_MitjaNemec_ReplicateLayout.replicate_layout 851:Replicating footprints on sheet ['ASICs', 'ASICs_BM1368_1', 'BM1368-6']
11-20 19:35:24 com_github_MitjaNemec_ReplicateLayout.replicate_layout 851:Replicating footprints on sheet ['ASICs', 'ASICs_BM1368_1', 'BM1368-7']
11-20 19:35:24 com_github_MitjaNemec_ReplicateLayout.replicate_layout 851:Replicating footprints on sheet ['ASICs', 'ASICs_BM1368_2', 'BM1368-0']
11-20 19:35:24 root 337:updating GUI with: 46
11-20 19:35:24 com_github_MitjaNemec_ReplicateLayout.replicate_layout 851:Replicating footprints on sheet ['ASICs', 'ASICs_BM1368_2', 'BM1368-1']
11-20 19:35:24 com_github_MitjaNemec_ReplicateLayout.replicate_layout 851:Replicating footprints on sheet ['ASICs', 'ASICs_BM1368_2', 'BM1368-2']
11-20 19:35:24 com_github_MitjaNemec_ReplicateLayout.replicate_layout 851:Replicating footprints on sheet ['ASICs', 'ASICs_BM1368_2', 'BM1368-3']
11-20 19:35:24 com_github_MitjaNemec_ReplicateLayout.replicate_layout 851:Replicating footprints on sheet ['ASICs', 'ASICs_BM1368_2', 'BM1368-4']
11-20 19:35:24 com_github_MitjaNemec_ReplicateLayout.replicate_layout 851:Replicating footprints on sheet ['ASICs', 'ASICs_BM1368_2', 'BM1368-5']
11-20 19:35:24 root 337:updating GUI with: 80
11-20 19:35:24 com_github_MitjaNemec_ReplicateLayout.replicate_layout 851:Replicating footprints on sheet ['ASICs', 'ASICs_BM1368_2', 'BM1368-6']
11-20 19:35:24 com_github_MitjaNemec_ReplicateLayout.replicate_layout 851:Replicating footprints on sheet ['ASICs', 'ASICs_BM1368_2', 'BM1368-7']
11-20 19:35:24 com_github_MitjaNemec_ReplicateLayout.replicate_layout 318:Removing tracks and zones, after footprint placement
11-20 19:35:24 root 332:updating GUI message: 'Removing zones and tracks'
11-20 19:35:24 com_github_MitjaNemec_ReplicateLayout.replicate_layout 1273:Remove bounding box top:95131000, bottom:108997000, Left:92513142, Right:107502142
11-20 19:35:24 root 337:updating GUI with: 6
11-20 19:35:24 com_github_MitjaNemec_ReplicateLayout.replicate_layout 1273:Remove bounding box top:95131000, bottom:108997000, Left:108660284, Right:123649284
11-20 19:35:24 com_github_MitjaNemec_ReplicateLayout.replicate_layout 1273:Remove bounding box top:95131000, bottom:108997000, Left:124807426, Right:139796426
11-20 19:35:24 root 337:updating GUI with: 20
11-20 19:35:24 com_github_MitjaNemec_ReplicateLayout.replicate_layout 1273:Remove bounding box top:95131000, bottom:108997000, Left:140954568, Right:155943568
11-20 19:35:24 com_github_MitjaNemec_ReplicateLayout.replicate_layout 1273:Remove bounding box top:95131000, bottom:108997000, Left:157101710, Right:172090710
11-20 19:35:24 root 337:updating GUI with: 33
11-20 19:35:24 com_github_MitjaNemec_ReplicateLayout.replicate_layout 1273:Remove bounding box top:95131000, bottom:108997000, Left:173248852, Right:188237852
11-20 19:35:24 com_github_MitjaNemec_ReplicateLayout.replicate_layout 1273:Remove bounding box top:95131000, bottom:108997000, Left:189396000, Right:204385000
11-20 19:35:24 root 337:updating GUI with: 46
11-20 19:35:24 com_github_MitjaNemec_ReplicateLayout.replicate_layout 1273:Remove bounding box top:65801000, bottom:79667000, Left:189761258, Right:204750258
11-20 19:35:24 com_github_MitjaNemec_ReplicateLayout.replicate_layout 1273:Remove bounding box top:65801000, bottom:79667000, Left:173561932, Right:188550932
11-20 19:35:24 root 337:updating GUI with: 60
11-20 19:35:24 com_github_MitjaNemec_ReplicateLayout.replicate_layout 1273:Remove bounding box top:65801000, bottom:79667000, Left:157362610, Right:172351610
11-20 19:35:24 root 337:updating GUI with: 66
11-20 19:35:24 com_github_MitjaNemec_ReplicateLayout.replicate_layout 1273:Remove bounding box top:65801000, bottom:79667000, Left:141163288, Right:156152288
11-20 19:35:24 com_github_MitjaNemec_ReplicateLayout.replicate_layout 1273:Remove bounding box top:65801000, bottom:79667000, Left:124963966, Right:139952966
11-20 19:35:24 root 337:updating GUI with: 80
11-20 19:35:24 com_github_MitjaNemec_ReplicateLayout.replicate_layout 1273:Remove bounding box top:65801000, bottom:79667000, Left:108764644, Right:123753644
11-20 19:35:24 com_github_MitjaNemec_ReplicateLayout.replicate_layout 1273:Remove bounding box top:65801000, bottom:79667000, Left:92565322, Right:107554322
11-20 19:35:24 root 337:updating GUI with: 93
11-20 19:35:24 com_github_MitjaNemec_ReplicateLayout.replicate_layout 1273:Remove bounding box top:65801000, bottom:79667000, Left:76366000, Right:91355000
11-20 19:35:24 root 332:updating GUI message: 'Replicating zones'
11-20 19:35:24 com_github_MitjaNemec_ReplicateLayout.replicate_layout 1075:Replicating zones
11-20 19:35:24 com_github_MitjaNemec_ReplicateLayout.replicate_layout 1082:Replicating zones on sheet ['ASICs', 'ASICs_BM1368_1', 'BM1368-1']
11-20 19:35:24 com_github_MitjaNemec_ReplicateLayout.replicate_layout 788:Significant difference between src net: ['', 'RO'] and dst net: ['', 'ASICs', 'ASICs_BM1368_1', 'RI1'], with src_net_depth=2, dst_net_depth=4, src_fp_depth=3, dst_fp_depth=3, match level 0.70
11-20 19:35:24 com_github_MitjaNemec_ReplicateLayout.replicate_layout 804:Net pairs for sheet ['ASICs', 'ASICs_BM1368_1', 'BM1368-1'] :[('Net-(U4-BO)', 'Net-(U5-BO)'), ('/ASICs/ASICs_BM1368_1/BM1368-0/VDD2_0', '/ASICs/ASICs_BM1368_1/BM1368-1/VDD2_0'), ('Net-(U4-LITE_PAD)', 'Net-(U5-LITE_PAD)'), ('/ASICs/ASICs_BM1368_1/RI1', '/ASICs/ASICs_BM1368_1/RI02'), ('/ASICs/ASICs_BM1368_1/BM1368-0/VDD3_1', '/ASICs/ASICs_BM1368_1/BM1368-1/VDD3_1'), ('+1.2V', '+1.2V'), ('/ASICs/ASICs_BM1368_1/RSTO1', '/ASICs/ASICs_BM1368_1/RSTO2'), ('/RO', '/ASICs/ASICs_BM1368_1/RI1'), ('/CLKI', '/ASICs/ASICs_BM1368_1/CLKO1'), ('unconnected-(U4-ROSC_SEL-Pad10)', 'unconnected-(U5-ROSC_SEL-Pad10)'), ('Net-(U4-RO)', 'Net-(U5-RO)'), ('/ASICs/ASICs_BM1368_1/BM1368-0/VDD1_0', '/ASICs/ASICs_BM1368_1/BM1368-1/VDD1_0'), ('unconnected-(U4-TEMP_P-Pad20)', 'unconnected-(U5-TEMP_P-Pad20)'), ('/ASICs/ASICs_BM1368_1/BO1', '/ASICs/ASICs_BM1368_1/BO2'), ('unconnected-(U4-INV_CLKO-Pad12)', 'unconnected-(U5-INV_CLKO-Pad12)'), ('Net-(U4-CLKO)', 'Net-(U5-CLKO)'), ('/RSTIn', '/ASICs/ASICs_BM1368_1/RSTO1'), ('GND', 'GND'), ('/ASICs/ASICs_BM1368_1/BM1368-0/VDD3_0', '/ASICs/ASICs_BM1368_1/BM1368-1/VDD3_0'), ('VPWR_ASIC', 'VPWR_ASIC'), ('/ASICs/ASICs_BM1368_1/CLKO1', '/ASICs/ASICs_BM1368_1/CLKO2'), ('/ASICs/ASICs_BM1368_1/BM1368-0/VDD1_1', '/ASICs/ASICs_BM1368_1/BM1368-1/VDD1_1'), ('/ASICs/ASICs_BM1368_1/BM1368-0/VDD2_1', '/ASICs/ASICs_BM1368_1/BM1368-1/VDD2_1'), ('+0.8V', '+0.8V'), ('/ASICs/ASICs_BM1368_1/BM1368-0/BI', '/ASICs/ASICs_BM1368_1/BO1'), ('/CI', '/ASICs/ASICs_BM1368_1/CO1'), ('Net-(U4-CO)', 'Net-(U5-CO)'), ('unconnected-(U4-PIN_MODE-Pad19)', 'unconnected-(U5-PIN_MODE-Pad19)'), ('/ASICs/ASICs_BM1368_1/CO1', '/ASICs/ASICs_BM1368_1/CO2'), ('unconnected-(U4-TEMP_N-Pad21)', 'unconnected-(U5-TEMP_N-Pad21)')]
11-20 19:35:24 root 337:updating GUI with: 6
11-20 19:35:24 root 337:updating GUI with: 6
11-20 19:35:24 com_github_MitjaNemec_ReplicateLayout.replicate_layout 1082:Replicating zones on sheet ['ASICs', 'ASICs_BM1368_1', 'BM1368-2']
11-20 19:35:24 com_github_MitjaNemec_ReplicateLayout.replicate_layout 788:Significant difference between src net: ['', 'RO'] and dst net: ['', 'ASICs', 'ASICs_BM1368_1', 'RI02'], with src_net_depth=2, dst_net_depth=4, src_fp_depth=3, dst_fp_depth=3, match level 0.67
11-20 19:35:24 com_github_MitjaNemec_ReplicateLayout.replicate_layout 804:Net pairs for sheet ['ASICs', 'ASICs_BM1368_1', 'BM1368-2'] :[('/ASICs/ASICs_BM1368_1/BM1368-0/VDD3_0', '/ASICs/ASICs_BM1368_1/BM1368-2/VDD3_0'), ('unconnected-(U4-INV_CLKO-Pad12)', 'unconnected-(U7-INV_CLKO-Pad12)'), ('Net-(U4-RO)', 'Net-(U7-RO)'), ('+1.2V', '+1.2V'), ('/ASICs/ASICs_BM1368_1/BM1368-0/VDD2_1', '/ASICs/ASICs_BM1368_1/BM1368-2/VDD2_1'), ('/ASICs/ASICs_BM1368_1/BM1368-0/BI', '/ASICs/ASICs_BM1368_1/BO2'), ('/CLKI', '/ASICs/ASICs_BM1368_1/CLKO2'), ('Net-(U4-CLKO)', 'Net-(U7-CLKO)'), ('/CI', '/ASICs/ASICs_BM1368_1/CO2'), ('unconnected-(U4-TEMP_N-Pad21)', 'unconnected-(U7-TEMP_N-Pad21)'), ('/ASICs/ASICs_BM1368_1/RI1', '/ASICs/ASICs_BM1368_1/RI3'), ('Net-(U4-LITE_PAD)', 'Net-(U7-LITE_PAD)'), ('/RSTIn', '/ASICs/ASICs_BM1368_1/RSTO2'), ('Net-(U4-BO)', 'Net-(U7-BO)'), ('/ASICs/ASICs_BM1368_1/BM1368-0/VDD1_1', '/ASICs/ASICs_BM1368_1/BM1368-2/VDD1_1'), ('/ASICs/ASICs_BM1368_1/CLKO1', '/ASICs/ASICs_BM1368_1/CLKO3'), ('GND', 'GND'), ('/RO', '/ASICs/ASICs_BM1368_1/RI02'), ('/ASICs/ASICs_BM1368_1/BM1368-0/VDD1_0', '/ASICs/ASICs_BM1368_1/BM1368-2/VDD1_0'), ('/ASICs/ASICs_BM1368_1/CO1', '/ASICs/ASICs_BM1368_1/CO3'), ('unconnected-(U4-PIN_MODE-Pad19)', 'unconnected-(U7-PIN_MODE-Pad19)'), ('VPWR_ASIC', 'VPWR_ASIC'), ('/ASICs/ASICs_BM1368_1/BM1368-0/VDD3_1', '/ASICs/ASICs_BM1368_1/BM1368-2/VDD3_1'), ('/ASICs/ASICs_BM1368_1/BM1368-0/VDD2_0', '/ASICs/ASICs_BM1368_1/BM1368-2/VDD2_0'), ('+0.8V', '+0.8V'), ('/ASICs/ASICs_BM1368_1/RSTO1', '/ASICs/ASICs_BM1368_1/RSTO3'), ('unconnected-(U4-TEMP_P-Pad20)', 'unconnected-(U7-TEMP_P-Pad20)'), ('unconnected-(U4-ROSC_SEL-Pad10)', 'unconnected-(U7-ROSC_SEL-Pad10)'), ('Net-(U4-CO)', 'Net-(U7-CO)'), ('/ASICs/ASICs_BM1368_1/BO1', '/ASICs/ASICs_BM1368_1/BO3')]
11-20 19:35:24 com_github_MitjaNemec_ReplicateLayout.replicate_layout 1082:Replicating zones on sheet ['ASICs', 'ASICs_BM1368_1', 'BM1368-3']
11-20 19:35:24 com_github_MitjaNemec_ReplicateLayout.replicate_layout 788:Significant difference between src net: ['', 'RO'] and dst net: ['', 'ASICs', 'ASICs_BM1368_1', 'RI3'], with src_net_depth=2, dst_net_depth=4, src_fp_depth=3, dst_fp_depth=3, match level 0.70
11-20 19:35:24 com_github_MitjaNemec_ReplicateLayout.replicate_layout 804:Net pairs for sheet ['ASICs', 'ASICs_BM1368_1', 'BM1368-3'] :[('/CLKI', '/ASICs/ASICs_BM1368_1/CLKO3'), ('Net-(U4-LITE_PAD)', 'Net-(U9-LITE_PAD)'), ('/ASICs/ASICs_BM1368_1/RI1', '/ASICs/ASICs_BM1368_1/RI4'), ('+1.2V', '+1.2V'), ('Net-(U4-RO)', 'Net-(U9-RO)'), ('/ASICs/ASICs_BM1368_1/BM1368-0/VDD3_0', '/ASICs/ASICs_BM1368_1/BM1368-3/VDD3_0'), ('/ASICs/ASICs_BM1368_1/BM1368-0/VDD3_1', '/ASICs/ASICs_BM1368_1/BM1368-3/VDD3_1'), ('Net-(U4-BO)', 'Net-(U9-BO)'), ('/ASICs/ASICs_BM1368_1/RSTO1', '/ASICs/ASICs_BM1368_1/RSTO4'), ('/ASICs/ASICs_BM1368_1/BM1368-0/VDD1_1', '/ASICs/ASICs_BM1368_1/BM1368-3/VDD1_1'), ('/ASICs/ASICs_BM1368_1/CO1', '/ASICs/ASICs_BM1368_1/CO4'), ('/ASICs/ASICs_BM1368_1/BO1', '/ASICs/ASICs_BM1368_1/BO4'), ('GND', 'GND'), ('unconnected-(U4-ROSC_SEL-Pad10)', 'unconnected-(U9-ROSC_SEL-Pad10)'), ('/ASICs/ASICs_BM1368_1/BM1368-0/VDD2_1', '/ASICs/ASICs_BM1368_1/BM1368-3/VDD2_1'), ('VPWR_ASIC', 'VPWR_ASIC'), ('/ASICs/ASICs_BM1368_1/BM1368-0/BI', '/ASICs/ASICs_BM1368_1/BO3'), ('Net-(U4-CO)', 'Net-(U9-CO)'), ('unconnected-(U4-PIN_MODE-Pad19)', 'unconnected-(U9-PIN_MODE-Pad19)'), ('unconnected-(U4-TEMP_N-Pad21)', 'unconnected-(U9-TEMP_N-Pad21)'), ('+0.8V', '+0.8V'), ('unconnected-(U4-TEMP_P-Pad20)', 'unconnected-(U9-TEMP_P-Pad20)'), ('/ASICs/ASICs_BM1368_1/CLKO1', '/ASICs/ASICs_BM1368_1/CLKO4'), ('/RO', '/ASICs/ASICs_BM1368_1/RI3'), ('/CI', '/ASICs/ASICs_BM1368_1/CO3'), ('unconnected-(U4-INV_CLKO-Pad12)', 'unconnected-(U9-INV_CLKO-Pad12)'), ('/ASICs/ASICs_BM1368_1/BM1368-0/VDD1_0', '/ASICs/ASICs_BM1368_1/BM1368-3/VDD1_0'), ('/RSTIn', '/ASICs/ASICs_BM1368_1/RSTO3'), ('/ASICs/ASICs_BM1368_1/BM1368-0/VDD2_0', '/ASICs/ASICs_BM1368_1/BM1368-3/VDD2_0'), ('Net-(U4-CLKO)', 'Net-(U9-CLKO)')]
11-20 19:35:24 com_github_MitjaNemec_ReplicateLayout.replicate_layout 1082:Replicating zones on sheet ['ASICs', 'ASICs_BM1368_1', 'BM1368-4']
11-20 19:35:24 com_github_MitjaNemec_ReplicateLayout.replicate_layout 788:Significant difference between src net: ['', 'RO'] and dst net: ['', 'ASICs', 'ASICs_BM1368_1', 'RI4'], with src_net_depth=2, dst_net_depth=4, src_fp_depth=3, dst_fp_depth=3, match level 0.70
11-20 19:35:24 com_github_MitjaNemec_ReplicateLayout.replicate_layout 804:Net pairs for sheet ['ASICs', 'ASICs_BM1368_1', 'BM1368-4'] :[('/ASICs/ASICs_BM1368_1/BM1368-0/VDD1_0', '/ASICs/ASICs_BM1368_1/BM1368-4/VDD1_0'), ('/ASICs/ASICs_BM1368_1/CO1', '/ASICs/ASICs_BM1368_1/CO5'), ('+1.2V', '+1.2V'), ('unconnected-(U4-INV_CLKO-Pad12)', 'unconnected-(U11-INV_CLKO-Pad12)'), ('/ASICs/ASICs_BM1368_1/BM1368-0/VDD2_1', '/ASICs/ASICs_BM1368_1/BM1368-4/VDD2_1'), ('/ASICs/ASICs_BM1368_1/BM1368-0/BI', '/ASICs/ASICs_BM1368_1/BO4'), ('/ASICs/ASICs_BM1368_1/BM1368-0/VDD3_0', '/ASICs/ASICs_BM1368_1/BM1368-4/VDD3_0'), ('/ASICs/ASICs_BM1368_1/BM1368-0/VDD1_1', '/ASICs/ASICs_BM1368_1/BM1368-4/VDD1_1'), ('Net-(U4-LITE_PAD)', 'Net-(U11-LITE_PAD)'), ('Net-(U4-RO)', 'Net-(U11-RO)'), ('/ASICs/ASICs_BM1368_1/RSTO1', '/ASICs/ASICs_BM1368_1/RSTO5'), ('/CLKI', '/ASICs/ASICs_BM1368_1/CLKO4'), ('unconnected-(U4-PIN_MODE-Pad19)', 'unconnected-(U11-PIN_MODE-Pad19)'), ('/RSTIn', '/ASICs/ASICs_BM1368_1/RSTO4'), ('GND', 'GND'), ('/ASICs/ASICs_BM1368_1/BM1368-0/VDD3_1', '/ASICs/ASICs_BM1368_1/BM1368-4/VDD3_1'), ('/RO', '/ASICs/ASICs_BM1368_1/RI4'), ('/ASICs/ASICs_BM1368_1/RI1', '/ASICs/ASICs_BM1368_1/RI5'), ('VPWR_ASIC', 'VPWR_ASIC'), ('unconnected-(U4-ROSC_SEL-Pad10)', 'unconnected-(U11-ROSC_SEL-Pad10)'), ('unconnected-(U4-TEMP_P-Pad20)', 'unconnected-(U11-TEMP_P-Pad20)'), ('+0.8V', '+0.8V'), ('/ASICs/ASICs_BM1368_1/BM1368-0/VDD2_0', '/ASICs/ASICs_BM1368_1/BM1368-4/VDD2_0'), ('Net-(U4-CLKO)', 'Net-(U11-CLKO)'), ('Net-(U4-CO)', 'Net-(U11-CO)'), ('/CI', '/ASICs/ASICs_BM1368_1/CO4'), ('Net-(U4-BO)', 'Net-(U11-BO)'), ('/ASICs/ASICs_BM1368_1/CLKO1', '/ASICs/ASICs_BM1368_1/CLKO5'), ('unconnected-(U4-TEMP_N-Pad21)', 'unconnected-(U11-TEMP_N-Pad21)'), ('/ASICs/ASICs_BM1368_1/BO1', '/ASICs/ASICs_BM1368_1/BO5')]
11-20 19:35:24 root 337:updating GUI with: 26
11-20 19:35:24 com_github_MitjaNemec_ReplicateLayout.replicate_layout 1082:Replicating zones on sheet ['ASICs', 'ASICs_BM1368_1', 'BM1368-5']
11-20 19:35:24 com_github_MitjaNemec_ReplicateLayout.replicate_layout 788:Significant difference between src net: ['', 'RO'] and dst net: ['', 'ASICs', 'ASICs_BM1368_1', 'RI5'], with src_net_depth=2, dst_net_depth=4, src_fp_depth=3, dst_fp_depth=3, match level 0.70
11-20 19:35:24 com_github_MitjaNemec_ReplicateLayout.replicate_layout 804:Net pairs for sheet ['ASICs', 'ASICs_BM1368_1', 'BM1368-5'] :[('/RO', '/ASICs/ASICs_BM1368_1/RI5'), ('Net-(U4-BO)', 'Net-(U14-BO)'), ('Net-(U4-CO)', 'Net-(U14-CO)'), ('+1.2V', '+1.2V'), ('unconnected-(U4-PIN_MODE-Pad19)', 'unconnected-(U14-PIN_MODE-Pad19)'), ('/ASICs/ASICs_BM1368_1/BM1368-0/VDD2_1', '/ASICs/ASICs_BM1368_1/BM1368-5/VDD2_1'), ('/ASICs/ASICs_BM1368_1/BM1368-0/VDD1_1', '/ASICs/ASICs_BM1368_1/BM1368-5/VDD1_1'), ('Net-(U4-RO)', 'Net-(U14-RO)'), ('unconnected-(U4-TEMP_P-Pad20)', 'unconnected-(U14-TEMP_P-Pad20)'), ('/ASICs/ASICs_BM1368_1/CLKO1', '/ASICs/ASICs_BM1368_1/CLKO6'), ('/ASICs/ASICs_BM1368_1/RI1', '/ASICs/ASICs_BM1368_1/RI6'), ('Net-(U4-CLKO)', 'Net-(U14-CLKO)'), ('/ASICs/ASICs_BM1368_1/CO1', '/ASICs/ASICs_BM1368_1/CO6'), ('/CLKI', '/ASICs/ASICs_BM1368_1/CLKO5'), ('unconnected-(U4-INV_CLKO-Pad12)', 'unconnected-(U14-INV_CLKO-Pad12)'), ('/ASICs/ASICs_BM1368_1/BM1368-0/VDD2_0', '/ASICs/ASICs_BM1368_1/BM1368-5/VDD2_0'), ('/CI', '/ASICs/ASICs_BM1368_1/CO5'), ('GND', 'GND'), ('Net-(U4-LITE_PAD)', 'Net-(U14-LITE_PAD)'), ('/RSTIn', '/ASICs/ASICs_BM1368_1/RSTO5'), ('VPWR_ASIC', 'VPWR_ASIC'), ('/ASICs/ASICs_BM1368_1/BO1', '/ASICs/ASICs_BM1368_1/BO6'), ('/ASICs/ASICs_BM1368_1/BM1368-0/VDD1_0', '/ASICs/ASICs_BM1368_1/BM1368-5/VDD1_0'), ('unconnected-(U4-ROSC_SEL-Pad10)', 'unconnected-(U14-ROSC_SEL-Pad10)'), ('/ASICs/ASICs_BM1368_1/BM1368-0/BI', '/ASICs/ASICs_BM1368_1/BO5'), ('/ASICs/ASICs_BM1368_1/RSTO1', '/ASICs/ASICs_BM1368_1/RSTO6'), ('+0.8V', '+0.8V'), ('/ASICs/ASICs_BM1368_1/BM1368-0/VDD3_1', '/ASICs/ASICs_BM1368_1/BM1368-5/VDD3_1'), ('unconnected-(U4-TEMP_N-Pad21)', 'unconnected-(U14-TEMP_N-Pad21)'), ('/ASICs/ASICs_BM1368_1/BM1368-0/VDD3_0', '/ASICs/ASICs_BM1368_1/BM1368-5/VDD3_0')]
11-20 19:35:24 com_github_MitjaNemec_ReplicateLayout.replicate_layout 1082:Replicating zones on sheet ['ASICs', 'ASICs_BM1368_1', 'BM1368-6']
11-20 19:35:24 com_github_MitjaNemec_ReplicateLayout.replicate_layout 788:Significant difference between src net: ['', 'RO'] and dst net: ['', 'ASICs', 'ASICs_BM1368_1', 'RI6'], with src_net_depth=2, dst_net_depth=4, src_fp_depth=3, dst_fp_depth=3, match level 0.70
11-20 19:35:24 com_github_MitjaNemec_ReplicateLayout.replicate_layout 804:Net pairs for sheet ['ASICs', 'ASICs_BM1368_1', 'BM1368-6'] :[('/ASICs/ASICs_BM1368_1/BO1', '/ASICs/ASICs_BM1368_1/BO7'), ('/ASICs/ASICs_BM1368_1/BM1368-0/VDD1_1', '/ASICs/ASICs_BM1368_1/BM1368-6/VDD1_1'), ('/ASICs/ASICs_BM1368_1/BM1368-0/VDD3_0', '/ASICs/ASICs_BM1368_1/BM1368-6/VDD3_0'), ('+1.2V', '+1.2V'), ('unconnected-(U4-TEMP_P-Pad20)', 'unconnected-(U16-TEMP_P-Pad20)'), ('/ASICs/ASICs_BM1368_1/BM1368-0/VDD2_0', '/ASICs/ASICs_BM1368_1/BM1368-6/VDD2_0'), ('Net-(U4-LITE_PAD)', 'Net-(U16-LITE_PAD)'), ('Net-(U4-CO)', 'Net-(U16-CO)'), ('unconnected-(U4-PIN_MODE-Pad19)', 'unconnected-(U16-PIN_MODE-Pad19)'), ('/ASICs/ASICs_BM1368_1/RSTO1', '/ASICs/ASICs_BM1368_1/RSTO7'), ('/ASICs/ASICs_BM1368_1/BM1368-0/BI', '/ASICs/ASICs_BM1368_1/BO6'), ('Net-(U4-BO)', 'Net-(U16-BO)'), ('unconnected-(U4-INV_CLKO-Pad12)', 'unconnected-(U16-INV_CLKO-Pad12)'), ('GND', 'GND'), ('unconnected-(U4-ROSC_SEL-Pad10)', 'unconnected-(U16-ROSC_SEL-Pad10)'), ('/ASICs/ASICs_BM1368_1/BM1368-0/VDD2_1', '/ASICs/ASICs_BM1368_1/BM1368-6/VDD2_1'), ('/ASICs/ASICs_BM1368_1/BM1368-0/VDD3_1', '/ASICs/ASICs_BM1368_1/BM1368-6/VDD3_1'), ('VPWR_ASIC', 'VPWR_ASIC'), ('/ASICs/ASICs_BM1368_1/RI1', '/ASICs/ASICs_BM1368_1/RI7'), ('Net-(U4-CLKO)', 'Net-(U16-CLKO)'), ('/CI', '/ASICs/ASICs_BM1368_1/CO6'), ('+0.8V', '+0.8V'), ('/ASICs/ASICs_BM1368_1/CO1', '/ASICs/ASICs_BM1368_1/CO7'), ('/RO', '/ASICs/ASICs_BM1368_1/RI6'), ('/CLKI', '/ASICs/ASICs_BM1368_1/CLKO6'), ('unconnected-(U4-TEMP_N-Pad21)', 'unconnected-(U16-TEMP_N-Pad21)'), ('/ASICs/ASICs_BM1368_1/CLKO1', '/ASICs/ASICs_BM1368_1/CLKO7'), ('/ASICs/ASICs_BM1368_1/BM1368-0/VDD1_0', '/ASICs/ASICs_BM1368_1/BM1368-6/VDD1_0'), ('/RSTIn', '/ASICs/ASICs_BM1368_1/RSTO6'), ('Net-(U4-RO)', 'Net-(U16-RO)')]
11-20 19:35:24 root 337:updating GUI with: 40
11-20 19:35:24 com_github_MitjaNemec_ReplicateLayout.replicate_layout 1082:Replicating zones on sheet ['ASICs', 'ASICs_BM1368_1', 'BM1368-7']
11-20 19:35:24 com_github_MitjaNemec_ReplicateLayout.replicate_layout 788:Significant difference between src net: ['', 'RO'] and dst net: ['', 'ASICs', 'ASICs_BM1368_1', 'RI7'], with src_net_depth=2, dst_net_depth=4, src_fp_depth=3, dst_fp_depth=3, match level 0.70
11-20 19:35:24 com_github_MitjaNemec_ReplicateLayout.replicate_layout 804:Net pairs for sheet ['ASICs', 'ASICs_BM1368_1', 'BM1368-7'] :[('/RO', '/ASICs/ASICs_BM1368_1/RI7'), ('/CI', '/ASICs/ASICs_BM1368_1/CO7'), ('/ASICs/ASICs_BM1368_1/BM1368-0/VDD1_1', '/ASICs/ASICs_BM1368_1/BM1368-7/VDD1_1'), ('Net-(U4-BO)', 'Net-(U18-BO)'), ('+1.2V', '+1.2V'), ('/ASICs/ASICs_BM1368_1/BM1368-0/VDD2_0', '/ASICs/ASICs_BM1368_1/BM1368-7/VDD2_0'), ('/ASICs/ASICs_BM1368_1/CLKO1', '/ASICs/ASICs_BM1368_1/BM1368-7/CLKO'), ('/ASICs/ASICs_BM1368_1/CO1', '/ASICs/ASICs_BM1368_1/BM1368-7/CO'), ('/CLKI', '/ASICs/ASICs_BM1368_1/CLKO7'), ('Net-(U4-CLKO)', 'Net-(U18-CLKO)'), ('Net-(U4-LITE_PAD)', 'Net-(U18-LITE_PAD)'), ('Net-(U4-CO)', 'Net-(U18-CO)'), ('GND', 'GND'), ('/RSTIn', '/ASICs/ASICs_BM1368_1/RSTO7'), ('unconnected-(U4-PIN_MODE-Pad19)', 'unconnected-(U18-PIN_MODE-Pad19)'), ('/ASICs/ASICs_BM1368_1/RI1', '/ASICs/ASICs_BM1368_1/BM1368-7/RI'), ('VPWR_ASIC', 'VPWR_ASIC'), ('unconnected-(U4-TEMP_N-Pad21)', 'unconnected-(U18-TEMP_N-Pad21)'), ('/ASICs/ASICs_BM1368_1/BO1', '/ASICs/ASICs_BM1368_1/BM1368-7/BO'), ('unconnected-(U4-TEMP_P-Pad20)', 'unconnected-(U18-TEMP_P-Pad20)'), ('Net-(U4-RO)', 'Net-(U18-RO)'), ('unconnected-(U4-ROSC_SEL-Pad10)', 'unconnected-(U18-ROSC_SEL-Pad10)'), ('/ASICs/ASICs_BM1368_1/BM1368-0/VDD3_0', '/ASICs/ASICs_BM1368_1/BM1368-7/VDD3_0'), ('+0.8V', '+0.8V'), ('/ASICs/ASICs_BM1368_1/BM1368-0/BI', '/ASICs/ASICs_BM1368_1/BO7'), ('/ASICs/ASICs_BM1368_1/BM1368-0/VDD1_0', '/ASICs/ASICs_BM1368_1/BM1368-7/VDD1_0'), ('/ASICs/ASICs_BM1368_1/BM1368-0/VDD2_1', '/ASICs/ASICs_BM1368_1/BM1368-7/VDD2_1'), ('/ASICs/ASICs_BM1368_1/BM1368-0/VDD3_1', '/ASICs/ASICs_BM1368_1/BM1368-7/VDD3_1'), ('/ASICs/ASICs_BM1368_1/RSTO1', '/ASICs/ASICs_BM1368_1/BM1368-7/RSTO_n'), ('unconnected-(U4-INV_CLKO-Pad12)', 'unconnected-(U18-INV_CLKO-Pad12)')]
11-20 19:35:24 com_github_MitjaNemec_ReplicateLayout.replicate_layout 1082:Replicating zones on sheet ['ASICs', 'ASICs_BM1368_2', 'BM1368-0']
11-20 19:35:24 com_github_MitjaNemec_ReplicateLayout.replicate_layout 788:Significant difference between src net: ['', 'RO'] and dst net: ['', 'ASICs', 'ASICs_BM1368_1', 'BM1368-7', 'RI'], with src_net_depth=2, dst_net_depth=5, src_fp_depth=3, dst_fp_depth=3, match level 0.75
11-20 19:35:24 com_github_MitjaNemec_ReplicateLayout.replicate_layout 804:Net pairs for sheet ['ASICs', 'ASICs_BM1368_2', 'BM1368-0'] :[('unconnected-(U4-INV_CLKO-Pad12)', 'unconnected-(U6-INV_CLKO-Pad12)'), ('/RO', '/ASICs/ASICs_BM1368_1/BM1368-7/RI'), ('/ASICs/ASICs_BM1368_1/BM1368-0/VDD2_0', '/ASICs/ASICs_BM1368_2/BM1368-0/VDD2_0'), ('unconnected-(U4-ROSC_SEL-Pad10)', 'unconnected-(U6-ROSC_SEL-Pad10)'), ('unconnected-(U4-PIN_MODE-Pad19)', 'unconnected-(U6-PIN_MODE-Pad19)'), ('Net-(U4-BO)', 'Net-(U6-BO)'), ('+1.2V', '+1.2V'), ('/RSTIn', '/ASICs/ASICs_BM1368_1/BM1368-7/RSTO_n'), ('/ASICs/ASICs_BM1368_1/BO1', '/ASICs/ASICs_BM1368_2/BO1'), ('/ASICs/ASICs_BM1368_1/BM1368-0/BI', '/ASICs/ASICs_BM1368_1/BM1368-7/BO'), ('Net-(U4-RO)', 'Net-(U6-RO)'), ('/ASICs/ASICs_BM1368_1/RSTO1', '/ASICs/ASICs_BM1368_2/RSTO1'), ('Net-(U4-LITE_PAD)', 'Net-(U6-LITE_PAD)'), ('GND', 'GND'), ('/ASICs/ASICs_BM1368_1/CLKO1', '/ASICs/ASICs_BM1368_2/CLKO1'), ('/ASICs/ASICs_BM1368_1/BM1368-0/VDD1_1', '/ASICs/ASICs_BM1368_2/BM1368-0/VDD1_1'), ('VPWR_ASIC', 'VPWR_ASIC'), ('/ASICs/ASICs_BM1368_1/BM1368-0/VDD3_0', '/ASICs/ASICs_BM1368_2/BM1368-0/VDD3_0'), ('unconnected-(U4-TEMP_P-Pad20)', 'unconnected-(U6-TEMP_P-Pad20)'), ('Net-(U4-CLKO)', 'Net-(U6-CLKO)'), ('/CI', '/ASICs/ASICs_BM1368_1/BM1368-7/CO'), ('Net-(U4-CO)', 'Net-(U6-CO)'), ('+0.8V', '+0.8V'), ('unconnected-(U4-TEMP_N-Pad21)', 'unconnected-(U6-TEMP_N-Pad21)'), ('/ASICs/ASICs_BM1368_1/CO1', '/ASICs/ASICs_BM1368_2/CO1'), ('/ASICs/ASICs_BM1368_1/BM1368-0/VDD2_1', '/ASICs/ASICs_BM1368_2/BM1368-0/VDD2_1'), ('/CLKI', '/ASICs/ASICs_BM1368_1/BM1368-7/CLKO'), ('/ASICs/ASICs_BM1368_1/BM1368-0/VDD1_0', '/ASICs/ASICs_BM1368_2/BM1368-0/VDD1_0'), ('/ASICs/ASICs_BM1368_1/RI1', '/ASICs/ASICs_BM1368_2/RI1'), ('/ASICs/ASICs_BM1368_1/BM1368-0/VDD3_1', '/ASICs/ASICs_BM1368_2/BM1368-0/VDD3_1')]
11-20 19:35:24 root 337:updating GUI with: 53
11-20 19:35:24 com_github_MitjaNemec_ReplicateLayout.replicate_layout 1082:Replicating zones on sheet ['ASICs', 'ASICs_BM1368_2', 'BM1368-1']
11-20 19:35:24 com_github_MitjaNemec_ReplicateLayout.replicate_layout 788:Significant difference between src net: ['', 'RO'] and dst net: ['', 'ASICs', 'ASICs_BM1368_2', 'RI1'], with src_net_depth=2, dst_net_depth=4, src_fp_depth=3, dst_fp_depth=3, match level 0.70
11-20 19:35:24 com_github_MitjaNemec_ReplicateLayout.replicate_layout 804:Net pairs for sheet ['ASICs', 'ASICs_BM1368_2', 'BM1368-1'] :[('/ASICs/ASICs_BM1368_1/BM1368-0/BI', '/ASICs/ASICs_BM1368_2/BO1'), ('/CLKI', '/ASICs/ASICs_BM1368_2/CLKO1'), ('/ASICs/ASICs_BM1368_1/BM1368-0/VDD2_1', '/ASICs/ASICs_BM1368_2/BM1368-1/VDD2_1'), ('+1.2V', '+1.2V'), ('/CI', '/ASICs/ASICs_BM1368_2/CO1'), ('/ASICs/ASICs_BM1368_1/BM1368-0/VDD2_0', '/ASICs/ASICs_BM1368_2/BM1368-1/VDD2_0'), ('Net-(U4-CLKO)', 'Net-(U8-CLKO)'), ('unconnected-(U4-TEMP_P-Pad20)', 'unconnected-(U8-TEMP_P-Pad20)'), ('/ASICs/ASICs_BM1368_1/CO1', '/ASICs/ASICs_BM1368_2/CO2'), ('/ASICs/ASICs_BM1368_1/RSTO1', '/ASICs/ASICs_BM1368_2/RSTO2'), ('/ASICs/ASICs_BM1368_1/BM1368-0/VDD1_0', '/ASICs/ASICs_BM1368_2/BM1368-1/VDD1_0'), ('/RO', '/ASICs/ASICs_BM1368_2/RI1'), ('/ASICs/ASICs_BM1368_1/BO1', '/ASICs/ASICs_BM1368_2/BO2'), ('Net-(U4-BO)', 'Net-(U8-BO)'), ('/ASICs/ASICs_BM1368_1/BM1368-0/VDD3_0', '/ASICs/ASICs_BM1368_2/BM1368-1/VDD3_0'), ('GND', 'GND'), ('/ASICs/ASICs_BM1368_1/BM1368-0/VDD3_1', '/ASICs/ASICs_BM1368_2/BM1368-1/VDD3_1'), ('VPWR_ASIC', 'VPWR_ASIC'), ('/ASICs/ASICs_BM1368_1/BM1368-0/VDD1_1', '/ASICs/ASICs_BM1368_2/BM1368-1/VDD1_1'), ('Net-(U4-RO)', 'Net-(U8-RO)'), ('/RSTIn', '/ASICs/ASICs_BM1368_2/RSTO1'), ('+0.8V', '+0.8V'), ('/ASICs/ASICs_BM1368_1/RI1', '/ASICs/ASICs_BM1368_2/RI02'), ('unconnected-(U4-PIN_MODE-Pad19)', 'unconnected-(U8-PIN_MODE-Pad19)'), ('unconnected-(U4-TEMP_N-Pad21)', 'unconnected-(U8-TEMP_N-Pad21)'), ('/ASICs/ASICs_BM1368_1/CLKO1', '/ASICs/ASICs_BM1368_2/CLKO2'), ('Net-(U4-LITE_PAD)', 'Net-(U8-LITE_PAD)'), ('unconnected-(U4-INV_CLKO-Pad12)', 'unconnected-(U8-INV_CLKO-Pad12)'), ('Net-(U4-CO)', 'Net-(U8-CO)'), ('unconnected-(U4-ROSC_SEL-Pad10)', 'unconnected-(U8-ROSC_SEL-Pad10)')]
11-20 19:35:24 com_github_MitjaNemec_ReplicateLayout.replicate_layout 1082:Replicating zones on sheet ['ASICs', 'ASICs_BM1368_2', 'BM1368-2']
11-20 19:35:24 com_github_MitjaNemec_ReplicateLayout.replicate_layout 788:Significant difference between src net: ['', 'RO'] and dst net: ['', 'ASICs', 'ASICs_BM1368_2', 'RI02'], with src_net_depth=2, dst_net_depth=4, src_fp_depth=3, dst_fp_depth=3, match level 0.67
11-20 19:35:24 com_github_MitjaNemec_ReplicateLayout.replicate_layout 804:Net pairs for sheet ['ASICs', 'ASICs_BM1368_2', 'BM1368-2'] :[('/ASICs/ASICs_BM1368_1/RSTO1', '/ASICs/ASICs_BM1368_2/RSTO3'), ('/ASICs/ASICs_BM1368_1/BM1368-0/BI', '/ASICs/ASICs_BM1368_2/BO2'), ('+1.2V', '+1.2V'), ('/ASICs/ASICs_BM1368_1/BM1368-0/VDD3_1', '/ASICs/ASICs_BM1368_2/BM1368-2/VDD3_1'), ('/ASICs/ASICs_BM1368_1/BM1368-0/VDD2_0', '/ASICs/ASICs_BM1368_2/BM1368-2/VDD2_0'), ('/RO', '/ASICs/ASICs_BM1368_2/RI02'), ('/ASICs/ASICs_BM1368_1/BM1368-0/VDD1_1', '/ASICs/ASICs_BM1368_2/BM1368-2/VDD1_1'), ('/ASICs/ASICs_BM1368_1/CO1', '/ASICs/ASICs_BM1368_2/CO3'), ('/ASICs/ASICs_BM1368_1/CLKO1', '/ASICs/ASICs_BM1368_2/CLKO3'), ('/ASICs/ASICs_BM1368_1/BM1368-0/VDD2_1', '/ASICs/ASICs_BM1368_2/BM1368-2/VDD2_1'), ('unconnected-(U4-TEMP_N-Pad21)', 'unconnected-(U10-TEMP_N-Pad21)'), ('/ASICs/ASICs_BM1368_1/RI1', '/ASICs/ASICs_BM1368_2/RI3'), ('/CLKI', '/ASICs/ASICs_BM1368_2/CLKO2'), ('/RSTIn', '/ASICs/ASICs_BM1368_2/RSTO2'), ('Net-(U4-BO)', 'Net-(U10-BO)'), ('GND', 'GND'), ('unconnected-(U4-INV_CLKO-Pad12)', 'unconnected-(U10-INV_CLKO-Pad12)'), ('/ASICs/ASICs_BM1368_1/BO1', '/ASICs/ASICs_BM1368_2/BO3'), ('VPWR_ASIC', 'VPWR_ASIC'), ('Net-(U4-RO)', 'Net-(U10-RO)'), ('/CI', '/ASICs/ASICs_BM1368_2/CO2'), ('/ASICs/ASICs_BM1368_1/BM1368-0/VDD3_0', '/ASICs/ASICs_BM1368_2/BM1368-2/VDD3_0'), ('+0.8V', '+0.8V'), ('/ASICs/ASICs_BM1368_1/BM1368-0/VDD1_0', '/ASICs/ASICs_BM1368_2/BM1368-2/VDD1_0'), ('unconnected-(U4-PIN_MODE-Pad19)', 'unconnected-(U10-PIN_MODE-Pad19)'), ('Net-(U4-CO)', 'Net-(U10-CO)'), ('Net-(U4-CLKO)', 'Net-(U10-CLKO)'), ('unconnected-(U4-TEMP_P-Pad20)', 'unconnected-(U10-TEMP_P-Pad20)'), ('unconnected-(U4-ROSC_SEL-Pad10)', 'unconnected-(U10-ROSC_SEL-Pad10)'), ('Net-(U4-LITE_PAD)', 'Net-(U10-LITE_PAD)')]
11-20 19:35:24 root 337:updating GUI with: 66
11-20 19:35:24 com_github_MitjaNemec_ReplicateLayout.replicate_layout 1082:Replicating zones on sheet ['ASICs', 'ASICs_BM1368_2', 'BM1368-3']
11-20 19:35:24 com_github_MitjaNemec_ReplicateLayout.replicate_layout 788:Significant difference between src net: ['', 'RO'] and dst net: ['', 'ASICs', 'ASICs_BM1368_2', 'RI3'], with src_net_depth=2, dst_net_depth=4, src_fp_depth=3, dst_fp_depth=3, match level 0.70
11-20 19:35:24 com_github_MitjaNemec_ReplicateLayout.replicate_layout 804:Net pairs for sheet ['ASICs', 'ASICs_BM1368_2', 'BM1368-3'] :[('/ASICs/ASICs_BM1368_1/RI1', '/ASICs/ASICs_BM1368_2/RI4'), ('/ASICs/ASICs_BM1368_1/BM1368-0/VDD2_1', '/ASICs/ASICs_BM1368_2/BM1368-3/VDD2_1'), ('/ASICs/ASICs_BM1368_1/BM1368-0/VDD1_0', '/ASICs/ASICs_BM1368_2/BM1368-3/VDD1_0'), ('+1.2V', '+1.2V'), ('/ASICs/ASICs_BM1368_1/CLKO1', '/ASICs/ASICs_BM1368_2/CLKO4'), ('/ASICs/ASICs_BM1368_1/BO1', '/ASICs/ASICs_BM1368_2/BO4'), ('/ASICs/ASICs_BM1368_1/BM1368-0/BI', '/ASICs/ASICs_BM1368_2/BO3'), ('/RSTIn', '/ASICs/ASICs_BM1368_2/RSTO3'), ('/ASICs/ASICs_BM1368_1/RSTO1', '/ASICs/ASICs_BM1368_2/RSTO4'), ('unconnected-(U4-TEMP_P-Pad20)', 'unconnected-(U19-TEMP_P-Pad20)'), ('/ASICs/ASICs_BM1368_1/BM1368-0/VDD1_1', '/ASICs/ASICs_BM1368_2/BM1368-3/VDD1_1'), ('Net-(U4-BO)', 'Net-(U19-BO)'), ('/ASICs/ASICs_BM1368_1/BM1368-0/VDD2_0', '/ASICs/ASICs_BM1368_2/BM1368-3/VDD2_0'), ('/ASICs/ASICs_BM1368_1/BM1368-0/VDD3_0', '/ASICs/ASICs_BM1368_2/BM1368-3/VDD3_0'), ('unconnected-(U4-INV_CLKO-Pad12)', 'unconnected-(U19-INV_CLKO-Pad12)'), ('Net-(U4-CO)', 'Net-(U19-CO)'), ('GND', 'GND'), ('Net-(U4-CLKO)', 'Net-(U19-CLKO)'), ('VPWR_ASIC', 'VPWR_ASIC'), ('/CI', '/ASICs/ASICs_BM1368_2/CO3'), ('+0.8V', '+0.8V'), ('unconnected-(U4-PIN_MODE-Pad19)', 'unconnected-(U19-PIN_MODE-Pad19)'), ('unconnected-(U4-TEMP_N-Pad21)', 'unconnected-(U19-TEMP_N-Pad21)'), ('/ASICs/ASICs_BM1368_1/CO1', '/ASICs/ASICs_BM1368_2/CO4'), ('/RO', '/ASICs/ASICs_BM1368_2/RI3'), ('/CLKI', '/ASICs/ASICs_BM1368_2/CLKO3'), ('Net-(U4-RO)', 'Net-(U19-RO)'), ('Net-(U4-LITE_PAD)', 'Net-(U19-LITE_PAD)'), ('unconnected-(U4-ROSC_SEL-Pad10)', 'unconnected-(U19-ROSC_SEL-Pad10)'), ('/ASICs/ASICs_BM1368_1/BM1368-0/VDD3_1', '/ASICs/ASICs_BM1368_2/BM1368-3/VDD3_1')]
11-20 19:35:24 com_github_MitjaNemec_ReplicateLayout.replicate_layout 1082:Replicating zones on sheet ['ASICs', 'ASICs_BM1368_2', 'BM1368-4']
11-20 19:35:24 com_github_MitjaNemec_ReplicateLayout.replicate_layout 788:Significant difference between src net: ['', 'RO'] and dst net: ['', 'ASICs', 'ASICs_BM1368_2', 'RI4'], with src_net_depth=2, dst_net_depth=4, src_fp_depth=3, dst_fp_depth=3, match level 0.70
11-20 19:35:24 com_github_MitjaNemec_ReplicateLayout.replicate_layout 804:Net pairs for sheet ['ASICs', 'ASICs_BM1368_2', 'BM1368-4'] :[('/ASICs/ASICs_BM1368_1/RI1', '/ASICs/ASICs_BM1368_2/RI5'), ('/ASICs/ASICs_BM1368_1/BM1368-0/VDD3_1', '/ASICs/ASICs_BM1368_2/BM1368-4/VDD3_1'), ('/ASICs/ASICs_BM1368_1/BM1368-0/VDD1_0', '/ASICs/ASICs_BM1368_2/BM1368-4/VDD1_0'), ('+1.2V', '+1.2V'), ('/CI', '/ASICs/ASICs_BM1368_2/CO4'), ('/ASICs/ASICs_BM1368_1/BM1368-0/VDD2_1', '/ASICs/ASICs_BM1368_2/BM1368-4/VDD2_1'), ('/ASICs/ASICs_BM1368_1/CO1', '/ASICs/ASICs_BM1368_2/CO5'), ('Net-(U4-CO)', 'Net-(U13-CO)'), ('/ASICs/ASICs_BM1368_1/BM1368-0/VDD1_1', '/ASICs/ASICs_BM1368_2/BM1368-4/VDD1_1'), ('/RO', '/ASICs/ASICs_BM1368_2/RI4'), ('GND', 'GND'), ('Net-(U4-BO)', 'Net-(U13-BO)'), ('Net-(U4-LITE_PAD)', 'Net-(U13-LITE_PAD)'), ('unconnected-(U4-INV_CLKO-Pad12)', 'unconnected-(U13-INV_CLKO-Pad12)'), ('/ASICs/ASICs_BM1368_1/RSTO1', '/ASICs/ASICs_BM1368_2/RSTO5'), ('/RSTIn', '/ASICs/ASICs_BM1368_2/RSTO4'), ('unconnected-(U4-PIN_MODE-Pad19)', 'unconnected-(U13-PIN_MODE-Pad19)'), ('VPWR_ASIC', 'VPWR_ASIC'), ('unconnected-(U4-TEMP_P-Pad20)', 'unconnected-(U13-TEMP_P-Pad20)'), ('Net-(U4-CLKO)', 'Net-(U13-CLKO)'), ('unconnected-(U4-TEMP_N-Pad21)', 'unconnected-(U13-TEMP_N-Pad21)'), ('/ASICs/ASICs_BM1368_1/BM1368-0/VDD3_0', '/ASICs/ASICs_BM1368_2/BM1368-4/VDD3_0'), ('/CLKI', '/ASICs/ASICs_BM1368_2/CLKO4'), ('/ASICs/ASICs_BM1368_1/BM1368-0/VDD2_0', '/ASICs/ASICs_BM1368_2/BM1368-4/VDD2_0'), ('+0.8V', '+0.8V'), ('/ASICs/ASICs_BM1368_1/CLKO1', '/ASICs/ASICs_BM1368_2/CLKO5'), ('/ASICs/ASICs_BM1368_1/BO1', '/ASICs/ASICs_BM1368_2/BO5'), ('unconnected-(U4-ROSC_SEL-Pad10)', 'unconnected-(U13-ROSC_SEL-Pad10)'), ('/ASICs/ASICs_BM1368_1/BM1368-0/BI', '/ASICs/ASICs_BM1368_2/BO4'), ('Net-(U4-RO)', 'Net-(U13-RO)')]
11-20 19:35:24 root 337:updating GUI with: 80
11-20 19:35:24 com_github_MitjaNemec_ReplicateLayout.replicate_layout 1082:Replicating zones on sheet ['ASICs', 'ASICs_BM1368_2', 'BM1368-5']
11-20 19:35:24 com_github_MitjaNemec_ReplicateLayout.replicate_layout 788:Significant difference between src net: ['', 'RO'] and dst net: ['', 'ASICs', 'ASICs_BM1368_2', 'RI5'], with src_net_depth=2, dst_net_depth=4, src_fp_depth=3, dst_fp_depth=3, match level 0.70
11-20 19:35:24 com_github_MitjaNemec_ReplicateLayout.replicate_layout 804:Net pairs for sheet ['ASICs', 'ASICs_BM1368_2', 'BM1368-5'] :[('unconnected-(U4-TEMP_N-Pad21)', 'unconnected-(U12-TEMP_N-Pad21)'), ('/ASICs/ASICs_BM1368_1/BM1368-0/VDD2_0', '/ASICs/ASICs_BM1368_2/BM1368-5/VDD2_0'), ('unconnected-(U4-PIN_MODE-Pad19)', 'unconnected-(U12-PIN_MODE-Pad19)'), ('/ASICs/ASICs_BM1368_1/CLKO1', '/ASICs/ASICs_BM1368_2/CLKO6'), ('+1.2V', '+1.2V'), ('Net-(U4-CO)', 'Net-(U12-CO)'), ('Net-(U4-RO)', 'Net-(U12-RO)'), ('unconnected-(U4-INV_CLKO-Pad12)', 'unconnected-(U12-INV_CLKO-Pad12)'), ('/CLKI', '/ASICs/ASICs_BM1368_2/CLKO5'), ('unconnected-(U4-ROSC_SEL-Pad10)', 'unconnected-(U12-ROSC_SEL-Pad10)'), ('/RO', '/ASICs/ASICs_BM1368_2/RI5'), ('GND', 'GND'), ('/ASICs/ASICs_BM1368_1/CO1', '/ASICs/ASICs_BM1368_2/CO6'), ('/CI', '/ASICs/ASICs_BM1368_2/CO5'), ('/ASICs/ASICs_BM1368_1/BM1368-0/BI', '/ASICs/ASICs_BM1368_2/BO5'), ('VPWR_ASIC', 'VPWR_ASIC'), ('Net-(U4-BO)', 'Net-(U12-BO)'), ('/ASICs/ASICs_BM1368_1/RSTO1', '/ASICs/ASICs_BM1368_2/RSTO6'), ('+0.8V', '+0.8V'), ('Net-(U4-LITE_PAD)', 'Net-(U12-LITE_PAD)'), ('/ASICs/ASICs_BM1368_1/BM1368-0/VDD2_1', '/ASICs/ASICs_BM1368_2/BM1368-5/VDD2_1'), ('/RSTIn', '/ASICs/ASICs_BM1368_2/RSTO5'), ('/ASICs/ASICs_BM1368_1/BM1368-0/VDD1_0', '/ASICs/ASICs_BM1368_2/BM1368-5/VDD1_0'), ('/ASICs/ASICs_BM1368_1/BM1368-0/VDD3_1', '/ASICs/ASICs_BM1368_2/BM1368-5/VDD3_1'), ('Net-(U4-CLKO)', 'Net-(U12-CLKO)'), ('/ASICs/ASICs_BM1368_1/RI1', '/ASICs/ASICs_BM1368_2/RI6'), ('/ASICs/ASICs_BM1368_1/BO1', '/ASICs/ASICs_BM1368_2/BO6'), ('/ASICs/ASICs_BM1368_1/BM1368-0/VDD1_1', '/ASICs/ASICs_BM1368_2/BM1368-5/VDD1_1'), ('/ASICs/ASICs_BM1368_1/BM1368-0/VDD3_0', '/ASICs/ASICs_BM1368_2/BM1368-5/VDD3_0'), ('unconnected-(U4-TEMP_P-Pad20)', 'unconnected-(U12-TEMP_P-Pad20)')]
11-20 19:35:24 root 337:updating GUI with: 86
11-20 19:35:24 com_github_MitjaNemec_ReplicateLayout.replicate_layout 1082:Replicating zones on sheet ['ASICs', 'ASICs_BM1368_2', 'BM1368-6']
11-20 19:35:24 com_github_MitjaNemec_ReplicateLayout.replicate_layout 788:Significant difference between src net: ['', 'RO'] and dst net: ['', 'ASICs', 'ASICs_BM1368_2', 'RI6'], with src_net_depth=2, dst_net_depth=4, src_fp_depth=3, dst_fp_depth=3, match level 0.70
11-20 19:35:24 com_github_MitjaNemec_ReplicateLayout.replicate_layout 804:Net pairs for sheet ['ASICs', 'ASICs_BM1368_2', 'BM1368-6'] :[('/ASICs/ASICs_BM1368_1/BO1', '/ASICs/ASICs_BM1368_2/BO7'), ('/ASICs/ASICs_BM1368_1/BM1368-0/VDD1_0', '/ASICs/ASICs_BM1368_2/BM1368-6/VDD1_0'), ('+1.2V', '+1.2V'), ('/ASICs/ASICs_BM1368_1/BM1368-0/VDD2_1', '/ASICs/ASICs_BM1368_2/BM1368-6/VDD2_1'), ('/ASICs/ASICs_BM1368_1/BM1368-0/VDD1_1', '/ASICs/ASICs_BM1368_2/BM1368-6/VDD1_1'), ('/ASICs/ASICs_BM1368_1/RI1', '/ASICs/ASICs_BM1368_2/RI7'), ('unconnected-(U4-PIN_MODE-Pad19)', 'unconnected-(U17-PIN_MODE-Pad19)'), ('/RO', '/ASICs/ASICs_BM1368_2/RI6'), ('Net-(U4-RO)', 'Net-(U17-RO)'), ('Net-(U4-CO)', 'Net-(U17-CO)'), ('unconnected-(U4-TEMP_N-Pad21)', 'unconnected-(U17-TEMP_N-Pad21)'), ('/ASICs/ASICs_BM1368_1/BM1368-0/VDD3_0', '/ASICs/ASICs_BM1368_2/BM1368-6/VDD3_0'), ('/ASICs/ASICs_BM1368_1/BM1368-0/VDD3_1', '/ASICs/ASICs_BM1368_2/BM1368-6/VDD3_1'), ('GND', 'GND'), ('/ASICs/ASICs_BM1368_1/CLKO1', '/ASICs/ASICs_BM1368_2/CLKO7'), ('/ASICs/ASICs_BM1368_1/BM1368-0/BI', '/ASICs/ASICs_BM1368_2/BO6'), ('unconnected-(U4-INV_CLKO-Pad12)', 'unconnected-(U17-INV_CLKO-Pad12)'), ('VPWR_ASIC', 'VPWR_ASIC'), ('/ASICs/ASICs_BM1368_1/BM1368-0/VDD2_0', '/ASICs/ASICs_BM1368_2/BM1368-6/VDD2_0'), ('/ASICs/ASICs_BM1368_1/CO1', '/ASICs/ASICs_BM1368_2/CO7'), ('/CLKI', '/ASICs/ASICs_BM1368_2/CLKO6'), ('/ASICs/ASICs_BM1368_1/RSTO1', '/ASICs/ASICs_BM1368_2/RSTO7'), ('+0.8V', '+0.8V'), ('Net-(U4-BO)', 'Net-(U17-BO)'), ('Net-(U4-CLKO)', 'Net-(U17-CLKO)'), ('unconnected-(U4-TEMP_P-Pad20)', 'unconnected-(U17-TEMP_P-Pad20)'), ('/RSTIn', '/ASICs/ASICs_BM1368_2/RSTO6'), ('/CI', '/ASICs/ASICs_BM1368_2/CO6'), ('unconnected-(U4-ROSC_SEL-Pad10)', 'unconnected-(U17-ROSC_SEL-Pad10)'), ('Net-(U4-LITE_PAD)', 'Net-(U17-LITE_PAD)')]
11-20 19:35:24 com_github_MitjaNemec_ReplicateLayout.replicate_layout 1082:Replicating zones on sheet ['ASICs', 'ASICs_BM1368_2', 'BM1368-7']
11-20 19:35:24 com_github_MitjaNemec_ReplicateLayout.replicate_layout 788:Significant difference between src net: ['', 'RO'] and dst net: ['', 'ASICs', 'ASICs_BM1368_2', 'RI7'], with src_net_depth=2, dst_net_depth=4, src_fp_depth=3, dst_fp_depth=3, match level 0.70
11-20 19:35:24 com_github_MitjaNemec_ReplicateLayout.replicate_layout 804:Net pairs for sheet ['ASICs', 'ASICs_BM1368_2', 'BM1368-7'] :[('Net-(U4-LITE_PAD)', 'Net-(U15-LITE_PAD)'), ('/ASICs/ASICs_BM1368_1/RSTO1', '/ASICs/ASICs_BM1368_2/BM1368-7/RSTO_n'), ('/CLKI', '/ASICs/ASICs_BM1368_2/CLKO7'), ('/ASICs/ASICs_BM1368_1/BM1368-0/VDD3_1', '/ASICs/ASICs_BM1368_2/BM1368-7/VDD3_1'), ('Net-(U4-CO)', 'Net-(U15-CO)'), ('+1.2V', '+1.2V'), ('/ASICs/ASICs_BM1368_1/BM1368-0/VDD3_0', '/ASICs/ASICs_BM1368_2/BM1368-7/VDD3_0'), ('unconnected-(U4-TEMP_P-Pad20)', 'unconnected-(U15-TEMP_P-Pad20)'), ('/ASICs/ASICs_BM1368_1/BO1', '/ASICs/ASICs_BM1368_2/BM1368-7/BO'), ('unconnected-(U4-TEMP_N-Pad21)', 'unconnected-(U15-TEMP_N-Pad21)'), ('GND', 'GND'), ('/ASICs/ASICs_BM1368_1/CLKO1', '/ASICs/ASICs_BM1368_2/BM1368-7/CLKO'), ('VPWR_ASIC', 'VPWR_ASIC'), ('/ASICs/ASICs_BM1368_1/BM1368-0/VDD1_1', '/ASICs/ASICs_BM1368_2/BM1368-7/VDD1_1'), ('/RO', '/ASICs/ASICs_BM1368_2/RI7'), ('/ASICs/ASICs_BM1368_1/BM1368-0/BI', '/ASICs/ASICs_BM1368_2/BO7'), ('unconnected-(U4-PIN_MODE-Pad19)', 'unconnected-(U15-PIN_MODE-Pad19)'), ('+0.8V', '+0.8V'), ('/ASICs/ASICs_BM1368_1/BM1368-0/VDD2_1', '/ASICs/ASICs_BM1368_2/BM1368-7/VDD2_1'), ('Net-(U4-CLKO)', 'Net-(U15-CLKO)'), ('unconnected-(U4-INV_CLKO-Pad12)', 'unconnected-(U15-INV_CLKO-Pad12)'), ('/ASICs/ASICs_BM1368_1/BM1368-0/VDD1_0', '/ASICs/ASICs_BM1368_2/BM1368-7/VDD1_0'), ('/ASICs/ASICs_BM1368_1/CO1', '/ASICs/ASICs_BM1368_2/BM1368-7/CO'), ('/ASICs/ASICs_BM1368_1/BM1368-0/VDD2_0', '/ASICs/ASICs_BM1368_2/BM1368-7/VDD2_0'), ('Net-(U4-BO)', 'Net-(U15-BO)'), ('unconnected-(U4-ROSC_SEL-Pad10)', 'unconnected-(U15-ROSC_SEL-Pad10)'), ('/ASICs/ASICs_BM1368_1/RI1', '/ASICs/ASICs_BM1368_2/BM1368-7/RI'), ('/RSTIn', '/ASICs/ASICs_BM1368_2/RSTO7'), ('Net-(U4-RO)', 'Net-(U15-RO)'), ('/CI', '/ASICs/ASICs_BM1368_2/CO7')]
11-20 19:35:24 root 337:updating GUI with: 100
11-20 19:35:24 root 332:updating GUI message: 'Removing duplicates'
11-20 19:35:26 com_github_MitjaNemec_ReplicateLayout.action_replicate_layout 256:Replication complete
11-20 19:35:26 com_github_MitjaNemec_ReplicateLayout.action_replicate_layout 259:Letting the user know there are some issues with replicated design
11-20 19:35:26 com_github_MitjaNemec_ReplicateLayout.action_replicate_layout 263:Looks like the design has an exotic connectivity that the plugin might not handle properly
 Make sure that you check the connectivity around:
Footprint R46, pad 2
Footprint R41, pad 2
Footprint R56, pad 2
Footprint R66, pad 2
Footprint R51, pad 2
Footprint R36, pad 2
Footprint R9, pad 2
Footprint R76, pad 2
Footprint R31, pad 2
Footprint R14, pad 2
Footprint R26, pad 2
Footprint R61, pad 2
Footprint R81, pad 2
Footprint R71, pad 2
Footprint R19, pad 2

